<<<<<<< HEAD
Started GET "/players" for 127.0.0.1 at 2018-04-24 16:11:56 -0400
  
ActionController::RoutingError (No route matches [GET] "/players"):
  
=======
Started GET "/player" for 127.0.0.1 at 2018-04-24 13:17:28 -0600
Processing by PlayerController#index as */*
Completed 200 OK in 558ms (Views: 0.3ms)


Started POST "/player" for 127.0.0.1 at 2018-04-24 13:21:41 -0600
Processing by PlayerController#createOne as */*
  Parameters: {"player_name"=>"somehjsdbs", "nickname"=>"jsdkns", "team"=>"djkfs", "status"=>"sjkdfn", "email"=>"skdjs", "phone"=>"sjd", "player"=>{"player_name"=>"somehjsdbs", "nickname"=>"jsdkns", "team"=>"djkfs", "status"=>"sjkdfn", "email"=>"skdjs", "phone"=>"sjd"}}
Completed 200 OK in 21ms (Views: 0.6ms)


Started GET "/player/1" for 127.0.0.1 at 2018-04-24 13:26:15 -0600
Processing by PlayerController#show as */*
  Parameters: {"id"=>"1", "player"=>{}}
Completed 200 OK in 15ms (Views: 2.4ms)


Started DELETE "/tweets/1" for 127.0.0.1 at 2018-04-24 13:28:28 -0600

ActionController::RoutingError (No route matches [DELETE] "/tweets/1"):

>>>>>>> 218f58d48bfc281488bcebd33175db6d1cdbe6d5
actionpack (5.1.6) lib/action_dispatch/middleware/debug_exceptions.rb:63:in `call'
web-console (3.6.1) lib/web_console/middleware.rb:135:in `call_app'
web-console (3.6.1) lib/web_console/middleware.rb:30:in `block in call'
web-console (3.6.1) lib/web_console/middleware.rb:20:in `catch'
web-console (3.6.1) lib/web_console/middleware.rb:20:in `call'
actionpack (5.1.6) lib/action_dispatch/middleware/show_exceptions.rb:31:in `call'
railties (5.1.6) lib/rails/rack/logger.rb:36:in `call_app'
railties (5.1.6) lib/rails/rack/logger.rb:24:in `block in call'
activesupport (5.1.6) lib/active_support/tagged_logging.rb:69:in `block in tagged'
activesupport (5.1.6) lib/active_support/tagged_logging.rb:26:in `tagged'
activesupport (5.1.6) lib/active_support/tagged_logging.rb:69:in `tagged'
railties (5.1.6) lib/rails/rack/logger.rb:24:in `call'
sprockets-rails (3.2.1) lib/sprockets/rails/quiet_assets.rb:13:in `call'
actionpack (5.1.6) lib/action_dispatch/middleware/remote_ip.rb:79:in `call'
actionpack (5.1.6) lib/action_dispatch/middleware/request_id.rb:25:in `call'
rack (2.0.5) lib/rack/method_override.rb:22:in `call'
rack (2.0.5) lib/rack/runtime.rb:22:in `call'
activesupport (5.1.6) lib/active_support/cache/strategy/local_cache_middleware.rb:27:in `call'
actionpack (5.1.6) lib/action_dispatch/middleware/executor.rb:12:in `call'
actionpack (5.1.6) lib/action_dispatch/middleware/static.rb:125:in `call'
rack (2.0.5) lib/rack/sendfile.rb:111:in `call'
railties (5.1.6) lib/rails/engine.rb:522:in `call'
puma (3.11.4) lib/puma/configuration.rb:225:in `call'
puma (3.11.4) lib/puma/server.rb:632:in `handle_request'
puma (3.11.4) lib/puma/server.rb:446:in `process_client'
puma (3.11.4) lib/puma/server.rb:306:in `block in run'
puma (3.11.4) lib/puma/thread_pool.rb:120:in `block in spawn_thread'
<<<<<<< HEAD
Started GET "/player" for 127.0.0.1 at 2018-04-24 16:12:03 -0400
Processing by PlayerController#index as HTML
Completed 200 OK in 713ms (Views: 1.5ms)


Started GET "/player" for 127.0.0.1 at 2018-04-24 18:01:24 -0400
Processing by PlayerController#index as HTML
Completed 200 OK in 22ms (Views: 17.4ms)


Started GET "/player" for 127.0.0.1 at 2018-04-24 18:39:50 -0400
Processing by PlayerController#index as HTML
Completed 200 OK in 24ms (Views: 18.2ms)


Started GET "/player" for 127.0.0.1 at 2018-04-24 18:46:41 -0400
Processing by PlayerController#index as HTML
Completed 200 OK in 16ms (Views: 13.7ms)


Started GET "/player" for 127.0.0.1 at 2018-04-24 18:46:49 -0400
Processing by PlayerController#index as */*
Completed 200 OK in 17ms (Views: 14.0ms)


Started GET "/player" for 127.0.0.1 at 2018-04-24 18:49:45 -0400
Processing by PlayerController#index as */*
Completed 200 OK in 15ms (Views: 12.9ms)


Started GET "/player" for 127.0.0.1 at 2018-04-24 18:50:05 -0400
Processing by PlayerController#index as */*
Completed 200 OK in 93ms (Views: 86.3ms)


Started GET "/player" for 127.0.0.1 at 2018-04-24 18:50:53 -0400
Processing by PlayerController#index as */*
Completed 200 OK in 9ms (Views: 7.7ms)


Started GET "/player" for 127.0.0.1 at 2018-04-24 18:52:53 -0400
Processing by PlayerController#index as */*
Completed 200 OK in 11ms (Views: 9.4ms)


Started GET "/player" for 127.0.0.1 at 2018-04-24 18:53:19 -0400
Processing by PlayerController#index as */*
Completed 200 OK in 16ms (Views: 14.1ms)


Started GET "/player" for 127.0.0.1 at 2018-04-24 18:53:33 -0400
Processing by PlayerController#index as */*
Completed 200 OK in 11ms (Views: 9.7ms)


Started GET "/player" for 127.0.0.1 at 2018-04-24 18:53:46 -0400
Processing by PlayerController#index as */*
Completed 200 OK in 10ms (Views: 8.9ms)


Started GET "/player" for 127.0.0.1 at 2018-04-24 18:54:01 -0400
Processing by PlayerController#index as */*
Completed 200 OK in 11ms (Views: 9.9ms)


Started GET "/player" for 127.0.0.1 at 2018-04-24 18:54:10 -0400
Processing by PlayerController#index as */*
Completed 200 OK in 10ms (Views: 8.1ms)


Started GET "/player" for 127.0.0.1 at 2018-04-24 19:03:32 -0400
Processing by PlayerController#index as */*
Completed 200 OK in 18ms (Views: 12.3ms)


Started GET "/player" for 127.0.0.1 at 2018-04-24 19:03:58 -0400
Processing by PlayerController#index as */*
Completed 200 OK in 15ms (Views: 12.4ms)


Started GET "/player" for 127.0.0.1 at 2018-04-24 19:04:30 -0400
Processing by PlayerController#index as */*
Completed 200 OK in 8ms (Views: 7.0ms)


Started GET "/player" for 127.0.0.1 at 2018-04-24 19:06:18 -0400
Processing by PlayerController#index as */*
Completed 200 OK in 16ms (Views: 13.9ms)


Started GET "/player" for 127.0.0.1 at 2018-04-24 19:08:45 -0400
Processing by PlayerController#index as */*
Completed 200 OK in 33ms (Views: 25.1ms)


Started GET "/player" for 127.0.0.1 at 2018-04-24 19:09:02 -0400
Processing by PlayerController#index as */*
Completed 200 OK in 14ms (Views: 12.0ms)


Started GET "/player" for 127.0.0.1 at 2018-04-24 19:18:47 -0400
Processing by PlayerController#index as */*
Completed 200 OK in 38ms (Views: 29.4ms)


Started GET "/player" for 127.0.0.1 at 2018-04-24 19:18:52 -0400
Processing by PlayerController#index as */*
Completed 200 OK in 25ms (Views: 21.9ms)


Started GET "/player" for 127.0.0.1 at 2018-04-24 19:20:01 -0400
Processing by PlayerController#index as */*
Completed 200 OK in 12ms (Views: 10.1ms)


Started GET "/player" for 127.0.0.1 at 2018-04-24 19:24:21 -0400
Processing by PlayerController#index as */*
Completed 200 OK in 10ms (Views: 7.8ms)


Started GET "/player" for 127.0.0.1 at 2018-04-24 19:25:02 -0400
Processing by PlayerController#index as */*
Completed 200 OK in 11ms (Views: 9.1ms)


Started GET "/player" for 127.0.0.1 at 2018-04-24 19:25:36 -0400
Processing by PlayerController#index as */*
Completed 200 OK in 12ms (Views: 10.3ms)


Started GET "/player" for 127.0.0.1 at 2018-04-24 19:26:13 -0400
Processing by PlayerController#index as */*
Completed 200 OK in 10ms (Views: 7.4ms)


Started GET "/player" for 127.0.0.1 at 2018-04-24 19:29:20 -0400
Processing by PlayerController#index as */*
Completed 200 OK in 33ms (Views: 18.5ms)


=======
Started DELETE "/players/1" for 127.0.0.1 at 2018-04-24 13:28:38 -0600

ActionController::RoutingError (No route matches [DELETE] "/players/1"):

actionpack (5.1.6) lib/action_dispatch/middleware/debug_exceptions.rb:63:in `call'
web-console (3.6.1) lib/web_console/middleware.rb:135:in `call_app'
web-console (3.6.1) lib/web_console/middleware.rb:30:in `block in call'
web-console (3.6.1) lib/web_console/middleware.rb:20:in `catch'
web-console (3.6.1) lib/web_console/middleware.rb:20:in `call'
actionpack (5.1.6) lib/action_dispatch/middleware/show_exceptions.rb:31:in `call'
railties (5.1.6) lib/rails/rack/logger.rb:36:in `call_app'
railties (5.1.6) lib/rails/rack/logger.rb:24:in `block in call'
activesupport (5.1.6) lib/active_support/tagged_logging.rb:69:in `block in tagged'
activesupport (5.1.6) lib/active_support/tagged_logging.rb:26:in `tagged'
activesupport (5.1.6) lib/active_support/tagged_logging.rb:69:in `tagged'
railties (5.1.6) lib/rails/rack/logger.rb:24:in `call'
sprockets-rails (3.2.1) lib/sprockets/rails/quiet_assets.rb:13:in `call'
actionpack (5.1.6) lib/action_dispatch/middleware/remote_ip.rb:79:in `call'
actionpack (5.1.6) lib/action_dispatch/middleware/request_id.rb:25:in `call'
rack (2.0.5) lib/rack/method_override.rb:22:in `call'
rack (2.0.5) lib/rack/runtime.rb:22:in `call'
activesupport (5.1.6) lib/active_support/cache/strategy/local_cache_middleware.rb:27:in `call'
actionpack (5.1.6) lib/action_dispatch/middleware/executor.rb:12:in `call'
actionpack (5.1.6) lib/action_dispatch/middleware/static.rb:125:in `call'
rack (2.0.5) lib/rack/sendfile.rb:111:in `call'
railties (5.1.6) lib/rails/engine.rb:522:in `call'
puma (3.11.4) lib/puma/configuration.rb:225:in `call'
puma (3.11.4) lib/puma/server.rb:632:in `handle_request'
puma (3.11.4) lib/puma/server.rb:446:in `process_client'
puma (3.11.4) lib/puma/server.rb:306:in `block in run'
puma (3.11.4) lib/puma/thread_pool.rb:120:in `block in spawn_thread'
Started DELETE "/player/1" for 127.0.0.1 at 2018-04-24 13:28:43 -0600
Processing by PlayerController#delete as */*
  Parameters: {"id"=>"1"}
Completed 500 Internal Server Error in 4ms



PG::SyntaxError (ERROR:  syntax error at or near "*"
LINE 1: DELETE * FROM player WHERE id=1;
               ^
):

app/models/player.rb:43:in `exec'
app/models/player.rb:43:in `delete'
app/controllers/player_controller.rb:21:in `delete'
Started GET "/player" for 127.0.0.1 at 2018-04-24 13:30:36 -0600
Processing by PlayerController#index as */*
Completed 200 OK in 1ms (Views: 0.4ms)


Started DELETE "/player/1" for 127.0.0.1 at 2018-04-24 13:31:00 -0600
Processing by PlayerController#delete as */*
  Parameters: {"id"=>"1"}
Completed 500 Internal Server Error in 16ms



PG::SyntaxError (ERROR:  syntax error at or near "*"
LINE 1: DELETE * FROM player WHERE id=1;
               ^
):

app/models/player.rb:43:in `exec'
app/models/player.rb:43:in `delete'
app/controllers/player_controller.rb:21:in `delete'
Started GET "/js/Companies.js" for 127.0.0.1 at 2018-04-24 13:33:59 -0600

Started GET "/js/PersonForm.js" for 127.0.0.1 at 2018-04-24 13:33:59 -0600
Started GET "/js/Person.js" for 127.0.0.1 at 2018-04-24 13:33:59 -0600
ActionController::RoutingError (No route matches [GET] "/js/Companies.js"):
Started GET "/js/PeopleList.js" for 127.0.0.1 at 2018-04-24 13:33:59 -0600
Started GET "/js/People.js" for 127.0.0.1 at 2018-04-24 13:33:59 -0600





ActionController::RoutingError (No route matches [GET] "/js/PersonForm.js"):
ActionController::RoutingError (No route matches [GET] "/js/Person.js"):
actionpack (5.1.6) lib/action_dispatch/middleware/debug_exceptions.rb:63:in `call'
web-console (3.6.1) lib/web_console/middleware.rb:135:in `call_app'
web-console (3.6.1) lib/web_console/middleware.rb:30:in `block in call'
web-console (3.6.1) lib/web_console/middleware.rb:20:in `catch'
web-console (3.6.1) lib/web_console/middleware.rb:20:in `call'
actionpack (5.1.6) lib/action_dispatch/middleware/show_exceptions.rb:31:in `call'
railties (5.1.6) lib/rails/rack/logger.rb:36:in `call_app'
railties (5.1.6) lib/rails/rack/logger.rb:24:in `block in call'
activesupport (5.1.6) lib/active_support/tagged_logging.rb:69:in `block in tagged'
activesupport (5.1.6) lib/active_support/tagged_logging.rb:26:in `tagged'
activesupport (5.1.6) lib/active_support/tagged_logging.rb:69:in `tagged'
railties (5.1.6) lib/rails/rack/logger.rb:24:in `call'
sprockets-rails (3.2.1) lib/sprockets/rails/quiet_assets.rb:13:in `call'
actionpack (5.1.6) lib/action_dispatch/middleware/remote_ip.rb:79:in `call'
actionpack (5.1.6) lib/action_dispatch/middleware/request_id.rb:25:in `call'
rack (2.0.5) lib/rack/method_override.rb:22:in `call'
rack (2.0.5) lib/rack/runtime.rb:22:in `call'
activesupport (5.1.6) lib/active_support/cache/strategy/local_cache_middleware.rb:27:in `call'
actionpack (5.1.6) lib/action_dispatch/middleware/executor.rb:12:in `call'
actionpack (5.1.6) lib/action_dispatch/middleware/static.rb:125:in `call'
rack (2.0.5) lib/rack/sendfile.rb:111:in `call'
railties (5.1.6) lib/rails/engine.rb:522:in `call'
puma (3.11.4) lib/puma/configuration.rb:225:in `call'
puma (3.11.4) lib/puma/server.rb:632:in `handle_request'
puma (3.11.4) lib/puma/server.rb:446:in `process_client'
puma (3.11.4) lib/puma/server.rb:306:in `block in run'
puma (3.11.4) lib/puma/thread_pool.rb:120:in `block in spawn_thread'
ActionController::RoutingError (No route matches [GET] "/js/PeopleList.js"):
ActionController::RoutingError (No route matches [GET] "/js/People.js"):




actionpack (5.1.6) lib/action_dispatch/middleware/debug_exceptions.rb:63:in `call'
web-console (3.6.1) lib/web_console/middleware.rb:135:in `call_app'
web-console (3.6.1) lib/web_console/middleware.rb:30:in `block in call'
web-console (3.6.1) lib/web_console/middleware.rb:20:in `catch'
web-console (3.6.1) lib/web_console/middleware.rb:20:in `call'
actionpack (5.1.6) lib/action_dispatch/middleware/show_exceptions.rb:31:in `call'
railties (5.1.6) lib/rails/rack/logger.rb:36:in `call_app'
railties (5.1.6) lib/rails/rack/logger.rb:24:in `block in call'
activesupport (5.1.6) lib/active_support/tagged_logging.rb:69:in `block in tagged'
activesupport (5.1.6) lib/active_support/tagged_logging.rb:26:in `tagged'
activesupport (5.1.6) lib/active_support/tagged_logging.rb:69:in `tagged'
railties (5.1.6) lib/rails/rack/logger.rb:24:in `call'
sprockets-rails (3.2.1) lib/sprockets/rails/quiet_assets.rb:13:in `call'
actionpack (5.1.6) lib/action_dispatch/middleware/remote_ip.rb:79:in `call'
actionpack (5.1.6) lib/action_dispatch/middleware/request_id.rb:25:in `call'
rack (2.0.5) lib/rack/method_override.rb:22:in `call'
rack (2.0.5) lib/rack/runtime.rb:22:in `call'
activesupport (5.1.6) lib/active_support/cache/strategy/local_cache_middleware.rb:27:in `call'
actionpack (5.1.6) lib/action_dispatch/middleware/executor.rb:12:in `call'
actionpack (5.1.6) lib/action_dispatch/middleware/static.rb:125:in `call'
rack (2.0.5) lib/rack/sendfile.rb:111:in `call'
railties (5.1.6) lib/rails/engine.rb:522:in `call'
puma (3.11.4) lib/puma/configuration.rb:225:in `call'
puma (3.11.4) lib/puma/server.rb:632:in `handle_request'
puma (3.11.4) lib/puma/server.rb:446:in `process_client'
puma (3.11.4) lib/puma/server.rb:306:in `block in run'
puma (3.11.4) lib/puma/thread_pool.rb:120:in `block in spawn_thread'
actionpack (5.1.6) lib/action_dispatch/middleware/debug_exceptions.rb:63:in `call'
web-console (3.6.1) lib/web_console/middleware.rb:135:in `call_app'
web-console (3.6.1) lib/web_console/middleware.rb:30:in `block in call'
web-console (3.6.1) lib/web_console/middleware.rb:20:in `catch'
web-console (3.6.1) lib/web_console/middleware.rb:20:in `call'
actionpack (5.1.6) lib/action_dispatch/middleware/show_exceptions.rb:31:in `call'
railties (5.1.6) lib/rails/rack/logger.rb:36:in `call_app'
railties (5.1.6) lib/rails/rack/logger.rb:24:in `block in call'
activesupport (5.1.6) lib/active_support/tagged_logging.rb:69:in `block in tagged'
activesupport (5.1.6) lib/active_support/tagged_logging.rb:26:in `tagged'
activesupport (5.1.6) lib/active_support/tagged_logging.rb:69:in `tagged'
railties (5.1.6) lib/rails/rack/logger.rb:24:in `call'
sprockets-rails (3.2.1) lib/sprockets/rails/quiet_assets.rb:13:in `call'
actionpack (5.1.6) lib/action_dispatch/middleware/remote_ip.rb:79:in `call'
actionpack (5.1.6) lib/action_dispatch/middleware/request_id.rb:25:in `call'
rack (2.0.5) lib/rack/method_override.rb:22:in `call'
rack (2.0.5) lib/rack/runtime.rb:22:in `call'
activesupport (5.1.6) lib/active_support/cache/strategy/local_cache_middleware.rb:27:in `call'
actionpack (5.1.6) lib/action_dispatch/middleware/executor.rb:12:in `call'
actionpack (5.1.6) lib/action_dispatch/middleware/static.rb:125:in `call'
rack (2.0.5) lib/rack/sendfile.rb:111:in `call'
railties (5.1.6) lib/rails/engine.rb:522:in `call'
puma (3.11.4) lib/puma/configuration.rb:225:in `call'
puma (3.11.4) lib/puma/server.rb:632:in `handle_request'
puma (3.11.4) lib/puma/server.rb:446:in `process_client'
puma (3.11.4) lib/puma/server.rb:306:in `block in run'
puma (3.11.4) lib/puma/thread_pool.rb:120:in `block in spawn_thread'
actionpack (5.1.6) lib/action_dispatch/middleware/debug_exceptions.rb:63:in `call'
web-console (3.6.1) lib/web_console/middleware.rb:135:in `call_app'
web-console (3.6.1) lib/web_console/middleware.rb:30:in `block in call'
web-console (3.6.1) lib/web_console/middleware.rb:20:in `catch'
web-console (3.6.1) lib/web_console/middleware.rb:20:in `call'
actionpack (5.1.6) lib/action_dispatch/middleware/show_exceptions.rb:31:in `call'
railties (5.1.6) lib/rails/rack/logger.rb:36:in `call_app'
railties (5.1.6) lib/rails/rack/logger.rb:24:in `block in call'
activesupport (5.1.6) lib/active_support/tagged_logging.rb:69:in `block in tagged'
activesupport (5.1.6) lib/active_support/tagged_logging.rb:26:in `tagged'
activesupport (5.1.6) lib/active_support/tagged_logging.rb:69:in `tagged'
railties (5.1.6) lib/rails/rack/logger.rb:24:in `call'
sprockets-rails (3.2.1) lib/sprockets/rails/quiet_assets.rb:13:in `call'
actionpack (5.1.6) lib/action_dispatch/middleware/remote_ip.rb:79:in `call'
actionpack (5.1.6) lib/action_dispatch/middleware/request_id.rb:25:in `call'
rack (2.0.5) lib/rack/method_override.rb:22:in `call'
rack (2.0.5) lib/rack/runtime.rb:22:in `call'
activesupport (5.1.6) lib/active_support/cache/strategy/local_cache_middleware.rb:27:in `call'
actionpack (5.1.6) lib/action_dispatch/middleware/executor.rb:12:in `call'
actionpack (5.1.6) lib/action_dispatch/middleware/static.rb:125:in `call'
rack (2.0.5) lib/rack/sendfile.rb:111:in `call'
railties (5.1.6) lib/rails/engine.rb:522:in `call'
puma (3.11.4) lib/puma/configuration.rb:225:in `call'
puma (3.11.4) lib/puma/server.rb:632:in `handle_request'
puma (3.11.4) lib/puma/server.rb:446:in `process_client'
puma (3.11.4) lib/puma/server.rb:306:in `block in run'
puma (3.11.4) lib/puma/thread_pool.rb:120:in `block in spawn_thread'
actionpack (5.1.6) lib/action_dispatch/middleware/debug_exceptions.rb:63:in `call'
web-console (3.6.1) lib/web_console/middleware.rb:135:in `call_app'
web-console (3.6.1) lib/web_console/middleware.rb:30:in `block in call'
web-console (3.6.1) lib/web_console/middleware.rb:20:in `catch'
web-console (3.6.1) lib/web_console/middleware.rb:20:in `call'
actionpack (5.1.6) lib/action_dispatch/middleware/show_exceptions.rb:31:in `call'
railties (5.1.6) lib/rails/rack/logger.rb:36:in `call_app'
railties (5.1.6) lib/rails/rack/logger.rb:24:in `block in call'
activesupport (5.1.6) lib/active_support/tagged_logging.rb:69:in `block in tagged'
activesupport (5.1.6) lib/active_support/tagged_logging.rb:26:in `tagged'
activesupport (5.1.6) lib/active_support/tagged_logging.rb:69:in `tagged'
railties (5.1.6) lib/rails/rack/logger.rb:24:in `call'
sprockets-rails (3.2.1) lib/sprockets/rails/quiet_assets.rb:13:in `call'
actionpack (5.1.6) lib/action_dispatch/middleware/remote_ip.rb:79:in `call'
actionpack (5.1.6) lib/action_dispatch/middleware/request_id.rb:25:in `call'
rack (2.0.5) lib/rack/method_override.rb:22:in `call'
rack (2.0.5) lib/rack/runtime.rb:22:in `call'
activesupport (5.1.6) lib/active_support/cache/strategy/local_cache_middleware.rb:27:in `call'
actionpack (5.1.6) lib/action_dispatch/middleware/executor.rb:12:in `call'
actionpack (5.1.6) lib/action_dispatch/middleware/static.rb:125:in `call'
rack (2.0.5) lib/rack/sendfile.rb:111:in `call'
railties (5.1.6) lib/rails/engine.rb:522:in `call'
puma (3.11.4) lib/puma/configuration.rb:225:in `call'
puma (3.11.4) lib/puma/server.rb:632:in `handle_request'
puma (3.11.4) lib/puma/server.rb:446:in `process_client'
puma (3.11.4) lib/puma/server.rb:306:in `block in run'
puma (3.11.4) lib/puma/thread_pool.rb:120:in `block in spawn_thread'
>>>>>>> 218f58d48bfc281488bcebd33175db6d1cdbe6d5
Started GET "/player" for 127.0.0.1 at 2018-04-25 10:52:00 -0400
Processing by PlayerController#index as */*
Completed 200 OK in 277ms (Views: 4.3ms)


Started GET "/player" for 127.0.0.1 at 2018-04-25 10:52:24 -0400
Processing by PlayerController#index as */*
Completed 200 OK in 3ms (Views: 2.3ms)


Started GET "/player" for 127.0.0.1 at 2018-04-25 10:57:42 -0400
Processing by PlayerController#index as */*
Completed 200 OK in 6ms (Views: 4.6ms)


Started GET "/player" for 127.0.0.1 at 2018-04-25 11:16:49 -0400
Processing by PlayerController#index as */*
Completed 200 OK in 5ms (Views: 4.3ms)


Started GET "/players" for 127.0.0.1 at 2018-04-25 11:16:55 -0400
  
ActionController::RoutingError (No route matches [GET] "/players"):
  
actionpack (5.1.6) lib/action_dispatch/middleware/debug_exceptions.rb:63:in `call'
web-console (3.6.1) lib/web_console/middleware.rb:135:in `call_app'
web-console (3.6.1) lib/web_console/middleware.rb:30:in `block in call'
web-console (3.6.1) lib/web_console/middleware.rb:20:in `catch'
web-console (3.6.1) lib/web_console/middleware.rb:20:in `call'
actionpack (5.1.6) lib/action_dispatch/middleware/show_exceptions.rb:31:in `call'
railties (5.1.6) lib/rails/rack/logger.rb:36:in `call_app'
railties (5.1.6) lib/rails/rack/logger.rb:24:in `block in call'
activesupport (5.1.6) lib/active_support/tagged_logging.rb:69:in `block in tagged'
activesupport (5.1.6) lib/active_support/tagged_logging.rb:26:in `tagged'
activesupport (5.1.6) lib/active_support/tagged_logging.rb:69:in `tagged'
railties (5.1.6) lib/rails/rack/logger.rb:24:in `call'
sprockets-rails (3.2.1) lib/sprockets/rails/quiet_assets.rb:13:in `call'
actionpack (5.1.6) lib/action_dispatch/middleware/remote_ip.rb:79:in `call'
actionpack (5.1.6) lib/action_dispatch/middleware/request_id.rb:25:in `call'
rack (2.0.5) lib/rack/method_override.rb:22:in `call'
rack (2.0.5) lib/rack/runtime.rb:22:in `call'
activesupport (5.1.6) lib/active_support/cache/strategy/local_cache_middleware.rb:27:in `call'
actionpack (5.1.6) lib/action_dispatch/middleware/executor.rb:12:in `call'
actionpack (5.1.6) lib/action_dispatch/middleware/static.rb:125:in `call'
rack (2.0.5) lib/rack/sendfile.rb:111:in `call'
railties (5.1.6) lib/rails/engine.rb:522:in `call'
puma (3.11.4) lib/puma/configuration.rb:225:in `call'
puma (3.11.4) lib/puma/server.rb:632:in `handle_request'
puma (3.11.4) lib/puma/server.rb:446:in `process_client'
puma (3.11.4) lib/puma/server.rb:306:in `block in run'
puma (3.11.4) lib/puma/thread_pool.rb:120:in `block in spawn_thread'
Started GET "/1" for 127.0.0.1 at 2018-04-25 11:17:00 -0400
  
ActionController::RoutingError (No route matches [GET] "/1"):
  
actionpack (5.1.6) lib/action_dispatch/middleware/debug_exceptions.rb:63:in `call'
web-console (3.6.1) lib/web_console/middleware.rb:135:in `call_app'
web-console (3.6.1) lib/web_console/middleware.rb:30:in `block in call'
web-console (3.6.1) lib/web_console/middleware.rb:20:in `catch'
web-console (3.6.1) lib/web_console/middleware.rb:20:in `call'
actionpack (5.1.6) lib/action_dispatch/middleware/show_exceptions.rb:31:in `call'
railties (5.1.6) lib/rails/rack/logger.rb:36:in `call_app'
railties (5.1.6) lib/rails/rack/logger.rb:24:in `block in call'
activesupport (5.1.6) lib/active_support/tagged_logging.rb:69:in `block in tagged'
activesupport (5.1.6) lib/active_support/tagged_logging.rb:26:in `tagged'
activesupport (5.1.6) lib/active_support/tagged_logging.rb:69:in `tagged'
railties (5.1.6) lib/rails/rack/logger.rb:24:in `call'
sprockets-rails (3.2.1) lib/sprockets/rails/quiet_assets.rb:13:in `call'
actionpack (5.1.6) lib/action_dispatch/middleware/remote_ip.rb:79:in `call'
actionpack (5.1.6) lib/action_dispatch/middleware/request_id.rb:25:in `call'
rack (2.0.5) lib/rack/method_override.rb:22:in `call'
rack (2.0.5) lib/rack/runtime.rb:22:in `call'
activesupport (5.1.6) lib/active_support/cache/strategy/local_cache_middleware.rb:27:in `call'
actionpack (5.1.6) lib/action_dispatch/middleware/executor.rb:12:in `call'
actionpack (5.1.6) lib/action_dispatch/middleware/static.rb:125:in `call'
rack (2.0.5) lib/rack/sendfile.rb:111:in `call'
railties (5.1.6) lib/rails/engine.rb:522:in `call'
puma (3.11.4) lib/puma/configuration.rb:225:in `call'
puma (3.11.4) lib/puma/server.rb:632:in `handle_request'
puma (3.11.4) lib/puma/server.rb:446:in `process_client'
puma (3.11.4) lib/puma/server.rb:306:in `block in run'
puma (3.11.4) lib/puma/thread_pool.rb:120:in `block in spawn_thread'
Started GET "/player" for 127.0.0.1 at 2018-04-25 11:17:35 -0400
Processing by PlayerController#index as */*
Completed 200 OK in 3ms (Views: 2.5ms)


Started GET "/player" for 127.0.0.1 at 2018-04-25 11:18:26 -0400
Processing by PlayerController#index as */*
Completed 200 OK in 3ms (Views: 2.1ms)


Started GET "/player" for 127.0.0.1 at 2018-04-25 11:18:52 -0400
Processing by PlayerController#index as */*
Completed 200 OK in 4ms (Views: 3.4ms)


Started GET "/player" for 127.0.0.1 at 2018-04-25 11:20:46 -0400
Processing by PlayerController#index as */*
Completed 200 OK in 3ms (Views: 2.0ms)


Started GET "/player" for 127.0.0.1 at 2018-04-25 11:22:49 -0400
Processing by PlayerController#index as */*
Completed 200 OK in 4ms (Views: 2.9ms)


Started GET "/player" for 127.0.0.1 at 2018-04-25 11:25:15 -0400
Processing by PlayerController#index as */*
Completed 200 OK in 4ms (Views: 3.1ms)


Started GET "/player" for 127.0.0.1 at 2018-04-25 11:25:24 -0400
Processing by PlayerController#index as */*
Completed 200 OK in 3ms (Views: 2.6ms)


Started GET "/player" for 127.0.0.1 at 2018-04-25 11:30:22 -0400
Processing by PlayerController#index as */*
Completed 200 OK in 4ms (Views: 2.8ms)


Started GET "/player" for 127.0.0.1 at 2018-04-25 11:32:33 -0400
Processing by PlayerController#index as */*
Completed 200 OK in 4ms (Views: 3.4ms)


Started GET "/player" for 127.0.0.1 at 2018-04-25 11:33:04 -0400
Processing by PlayerController#index as */*
Completed 200 OK in 5ms (Views: 4.6ms)


Started GET "/player" for 127.0.0.1 at 2018-04-25 11:33:41 -0400
Processing by PlayerController#index as */*
Completed 200 OK in 9ms (Views: 8.2ms)


Started GET "/player" for 127.0.0.1 at 2018-04-25 11:33:48 -0400
Processing by PlayerController#index as */*
Completed 200 OK in 5ms (Views: 4.0ms)


Started GET "/player" for 127.0.0.1 at 2018-04-25 11:36:51 -0400
Processing by PlayerController#index as */*
Completed 200 OK in 4ms (Views: 3.0ms)


Started GET "/player" for 127.0.0.1 at 2018-04-25 11:38:55 -0400
Processing by PlayerController#index as */*
Completed 200 OK in 4ms (Views: 3.6ms)


Started GET "/player" for 127.0.0.1 at 2018-04-25 11:39:16 -0400
Processing by PlayerController#index as */*
Completed 200 OK in 3ms (Views: 2.2ms)


<<<<<<< HEAD
Started GET "/player" for 127.0.0.1 at 2018-04-25 12:39:24 -0600
Processing by PlayerController#index as */*
Completed 200 OK in 543ms (Views: 5.7ms)


Started DELETE "/player/40" for 127.0.0.1 at 2018-04-25 12:39:27 -0600
Processing by PlayerController#delete as */*
  Parameters: {"id"=>"40"}
Completed 500 Internal Server Error in 1ms


  
PG::SyntaxError (ERROR:  syntax error at or near "*"
LINE 1: DELETE * FROM player WHERE id=40;
               ^
):
  
app/models/player.rb:43:in `exec'
app/models/player.rb:43:in `delete'
app/controllers/player_controller.rb:21:in `delete'
Started DELETE "/player/39" for 127.0.0.1 at 2018-04-25 12:39:28 -0600
Processing by PlayerController#delete as */*
  Parameters: {"id"=>"39"}
Completed 500 Internal Server Error in 2ms


  
PG::SyntaxError (ERROR:  syntax error at or near "*"
LINE 1: DELETE * FROM player WHERE id=39;
               ^
):
  
app/models/player.rb:43:in `exec'
app/models/player.rb:43:in `delete'
app/controllers/player_controller.rb:21:in `delete'
Started GET "/player" for 127.0.0.1 at 2018-04-25 12:39:33 -0600
Processing by PlayerController#index as */*
Completed 200 OK in 8ms (Views: 6.5ms)


Started GET "/player" for 127.0.0.1 at 2018-04-25 12:41:31 -0600
Processing by PlayerController#index as */*
Completed 200 OK in 8ms (Views: 6.2ms)


Started PUT "/player/43" for 127.0.0.1 at 2018-04-25 12:41:44 -0600
Processing by PlayerController#update as HTML
  Parameters: {"player_name"=>"sdh", "nickname"=>"dsj", "team"=>"sdjk", "status"=>"dsjk", "email"=>"cdkj", "phone"=>"cadjkn", "id"=>"43", "player"=>{"player_name"=>"sdh", "nickname"=>"dsj", "team"=>"sdjk", "status"=>"dsjk", "email"=>"cdkj", "phone"=>"cadjkn", "id"=>"43"}}
Completed 500 Internal Server Error in 5ms


  
NameError (undefined local variable or method `status' for Player:Class):
  
app/models/player.rb:51:in `update'
app/controllers/player_controller.rb:26:in `update'
Started PUT "/player/43" for 127.0.0.1 at 2018-04-25 12:41:55 -0600
Processing by PlayerController#update as HTML
  Parameters: {"player_name"=>"sdh", "nickname"=>"dsj", "team"=>"sdjk", "status"=>"dsjk", "email"=>"cdkj", "phone"=>"cadjkn", "id"=>"43", "player"=>{"player_name"=>"sdh", "nickname"=>"dsj", "team"=>"sdjk", "status"=>"dsjk", "email"=>"cdkj", "phone"=>"cadjkn", "id"=>"43"}}
Completed 500 Internal Server Error in 4ms


  
NameError (undefined local variable or method `status' for Player:Class):
  
app/models/player.rb:51:in `update'
app/controllers/player_controller.rb:26:in `update'
Started GET "/player" for 127.0.0.1 at 2018-04-25 12:42:06 -0600
Processing by PlayerController#index as */*
Completed 200 OK in 8ms (Views: 6.7ms)


Started GET "/player" for 127.0.0.1 at 2018-04-25 12:57:04 -0600
Processing by PlayerController#index as */*
Completed 200 OK in 23ms (Views: 4.5ms)


Started DELETE "/player/40" for 127.0.0.1 at 2018-04-25 12:57:07 -0600
Processing by PlayerController#delete as */*
  Parameters: {"id"=>"40"}
Completed 200 OK in 12ms (Views: 0.2ms)


Started DELETE "/player/39" for 127.0.0.1 at 2018-04-25 12:57:09 -0600
Processing by PlayerController#delete as */*
  Parameters: {"id"=>"39"}
Completed 200 OK in 3ms (Views: 0.3ms)


Started DELETE "/player/38" for 127.0.0.1 at 2018-04-25 12:57:09 -0600
Processing by PlayerController#delete as */*
  Parameters: {"id"=>"38"}
Completed 200 OK in 2ms (Views: 0.3ms)


Started DELETE "/player/37" for 127.0.0.1 at 2018-04-25 12:57:10 -0600
Processing by PlayerController#delete as */*
  Parameters: {"id"=>"37"}
Completed 200 OK in 3ms (Views: 0.3ms)


Started DELETE "/player/36" for 127.0.0.1 at 2018-04-25 12:57:10 -0600
Processing by PlayerController#delete as */*
  Parameters: {"id"=>"36"}
Completed 200 OK in 3ms (Views: 0.5ms)


Started DELETE "/player/35" for 127.0.0.1 at 2018-04-25 12:57:11 -0600
Processing by PlayerController#delete as */*
  Parameters: {"id"=>"35"}
Completed 200 OK in 3ms (Views: 0.3ms)


Started GET "/player" for 127.0.0.1 at 2018-04-25 12:57:13 -0600
Processing by PlayerController#index as */*
Completed 200 OK in 7ms (Views: 5.2ms)


Started PUT "/player/43" for 127.0.0.1 at 2018-04-25 12:57:31 -0600
Processing by PlayerController#update as HTML
  Parameters: {"player_name"=>"vsd", "nickname"=>"sd", "team"=>"vsd", "status"=>"sd", "email"=>"cd", "phone"=>"dc", "id"=>"43", "player"=>{"player_name"=>"vsd", "nickname"=>"sd", "team"=>"vsd", "status"=>"sd", "email"=>"cd", "phone"=>"dc", "id"=>"43"}}
Completed 500 Internal Server Error in 6ms


  
NameError (undefined local variable or method `status' for Player:Class):
  
app/models/player.rb:49:in `update'
app/controllers/player_controller.rb:26:in `update'
Started PUT "/player/43" for 127.0.0.1 at 2018-04-25 12:57:35 -0600
Processing by PlayerController#update as HTML
  Parameters: {"player_name"=>"vsd", "nickname"=>"sd", "team"=>"vsd", "status"=>"sd", "email"=>"cd", "phone"=>"dc", "id"=>"43", "player"=>{"player_name"=>"vsd", "nickname"=>"sd", "team"=>"vsd", "status"=>"sd", "email"=>"cd", "phone"=>"dc", "id"=>"43"}}
Completed 500 Internal Server Error in 4ms


  
NameError (undefined local variable or method `status' for Player:Class):
  
app/models/player.rb:49:in `update'
app/controllers/player_controller.rb:26:in `update'
Started GET "/player" for 127.0.0.1 at 2018-04-25 12:57:44 -0600
Processing by PlayerController#index as */*
Completed 200 OK in 12ms (Views: 6.4ms)


Started PUT "/player/43" for 127.0.0.1 at 2018-04-25 12:58:24 -0600
Processing by PlayerController#update as HTML
  Parameters: {"player_name"=>"hjhj", "nickname"=>"as", "team"=>"as", "status"=>"ds", "email"=>"s", "phone"=>"xs", "id"=>"43", "player"=>{"player_name"=>"hjhj", "nickname"=>"as", "team"=>"as", "status"=>"ds", "email"=>"s", "phone"=>"xs", "id"=>"43"}}
Completed 500 Internal Server Error in 5ms


  
NameError (undefined local variable or method `status' for Player:Class):
  
app/models/player.rb:49:in `update'
app/controllers/player_controller.rb:26:in `update'
Started GET "/player" for 127.0.0.1 at 2018-04-25 13:00:18 -0600
Processing by PlayerController#index as */*
Completed 200 OK in 18ms (Views: 4.9ms)


Started PUT "/player/43" for 127.0.0.1 at 2018-04-25 13:00:25 -0600
Processing by PlayerController#update as HTML
  Parameters: {"player_name"=>"dcs", "nickname"=>"as", "team"=>"as", "status"=>"ds", "email"=>"s", "phone"=>"xs", "id"=>"43", "player"=>{"player_name"=>"dcs", "nickname"=>"as", "team"=>"as", "status"=>"ds", "email"=>"s", "phone"=>"xs", "id"=>"43"}}
Completed 500 Internal Server Error in 5ms


  
NameError (undefined local variable or method `status' for Player:Class):
  
app/models/player.rb:47:in `update'
app/controllers/player_controller.rb:26:in `update'
Started GET "/player" for 127.0.0.1 at 2018-04-25 13:01:02 -0600
Processing by PlayerController#index as */*
Completed 200 OK in 15ms (Views: 5.0ms)


Started GET "/player" for 127.0.0.1 at 2018-04-25 13:01:25 -0600
Processing by PlayerController#index as */*
Completed 200 OK in 22ms (Views: 10.4ms)


Started PUT "/player/43" for 127.0.0.1 at 2018-04-25 13:01:41 -0600
Processing by PlayerController#update as HTML
  Parameters: {"player_name"=>"blah", "nickname"=>"scdhj", "team"=>"sjdk", "status"=>"cajnk", "email"=>"cajk", "phone"=>"cajkn", "id"=>"43", "player"=>{"player_name"=>"blah", "nickname"=>"scdhj", "team"=>"sjdk", "status"=>"cajnk", "email"=>"cajk", "phone"=>"cajkn", "id"=>"43"}}
Completed 500 Internal Server Error in 4ms


  
NameError (undefined local variable or method `status' for Player:Class):
  
app/models/player.rb:49:in `update'
app/controllers/player_controller.rb:26:in `update'
Started GET "/player" for 127.0.0.1 at 2018-04-25 13:01:52 -0600
Processing by PlayerController#index as */*
Completed 200 OK in 11ms (Views: 6.8ms)


Started GET "/player" for 127.0.0.1 at 2018-04-25 13:02:59 -0600
Processing by PlayerController#index as */*
Completed 200 OK in 8ms (Views: 6.6ms)


Started PUT "/player/43" for 127.0.0.1 at 2018-04-25 13:03:09 -0600
Processing by PlayerController#update as HTML
  Parameters: {"player_name"=>"blahhh", "nickname"=>"as", "team"=>"as", "status"=>"ds", "email"=>"s", "phone"=>"xs", "id"=>"43", "player"=>{"player_name"=>"blahhh", "nickname"=>"as", "team"=>"as", "status"=>"ds", "email"=>"s", "phone"=>"xs", "id"=>"43"}}
Completed 500 Internal Server Error in 6ms


  
NameError (undefined local variable or method `status' for Player:Class):
  
app/models/player.rb:49:in `update'
app/controllers/player_controller.rb:26:in `update'
Started GET "/player" for 127.0.0.1 at 2018-04-25 13:09:08 -0600
Processing by PlayerController#index as */*
Completed 200 OK in 14ms (Views: 3.1ms)


Started GET "/player" for 127.0.0.1 at 2018-04-25 13:09:29 -0600
Processing by PlayerController#index as */*
Completed 200 OK in 7ms (Views: 5.2ms)


Started PUT "/player/41" for 127.0.0.1 at 2018-04-25 13:09:42 -0600
Processing by PlayerController#update as HTML
  Parameters: {"player_name"=>"blah", "nickname"=>"sjk", "team"=>"asjk", "status"=>"asjhb", "email"=>"sabj", "phone"=>"sabjh", "id"=>"41", "player"=>{"player_name"=>"blah", "nickname"=>"sjk", "team"=>"asjk", "status"=>"asjhb", "email"=>"sabj", "phone"=>"sabjh", "id"=>"41"}}
Completed 500 Internal Server Error in 5ms


  
NameError (undefined local variable or method `status' for Player:Class):
  
app/models/player.rb:49:in `update'
app/controllers/player_controller.rb:26:in `update'
Started DELETE "/player/43" for 127.0.0.1 at 2018-04-25 13:09:51 -0600
Processing by PlayerController#delete as */*
  Parameters: {"id"=>"43"}
Completed 200 OK in 5ms (Views: 0.4ms)


Started DELETE "/player/42" for 127.0.0.1 at 2018-04-25 13:09:52 -0600
Processing by PlayerController#delete as */*
  Parameters: {"id"=>"42"}
Completed 200 OK in 3ms (Views: 0.3ms)


Started DELETE "/player/41" for 127.0.0.1 at 2018-04-25 13:10:16 -0600
Processing by PlayerController#delete as */*
  Parameters: {"id"=>"41"}
Completed 200 OK in 2ms (Views: 0.2ms)


Started GET "/player" for 127.0.0.1 at 2018-04-25 13:10:37 -0600
Processing by PlayerController#index as */*
Completed 200 OK in 11ms (Views: 6.1ms)


Started POST "/player" for 127.0.0.1 at 2018-04-25 13:11:48 -0600
Processing by PlayerController#createOne as */*
  Parameters: {"player_name"=>"Mary Kuhner2", "team"=>"Cleveland Iron Maidens", "status"=>"Social", "email"=>"mkuhner@gmail.com", "phone"=>"6143128806", "nickname"=>"", "player"=>{"player_name"=>"Mary Kuhner2", "team"=>"Cleveland Iron Maidens", "status"=>"Social", "email"=>"mkuhner@gmail.com", "phone"=>"6143128806", "nickname"=>""}}
Completed 200 OK in 6ms (Views: 0.5ms)


Started GET "/player" for 127.0.0.1 at 2018-04-25 13:12:22 -0600
Processing by PlayerController#index as */*
Completed 200 OK in 8ms (Views: 5.9ms)


Started PUT "/player/44" for 127.0.0.1 at 2018-04-25 13:12:49 -0600
Processing by PlayerController#update as */*
  Parameters: {"player_name"=>"update Mary Kuhner", "team"=>"Cleveland Iron Maidens", "status"=>"Social", "email"=>"mkuhner@gmail.com", "phone"=>"6143128806", "nickname"=>"", "id"=>"44", "player"=>{"player_name"=>"update Mary Kuhner", "team"=>"Cleveland Iron Maidens", "status"=>"Social", "email"=>"mkuhner@gmail.com", "phone"=>"6143128806", "nickname"=>""}}
Completed 500 Internal Server Error in 4ms


  
NameError (undefined local variable or method `status' for Player:Class):
  
app/models/player.rb:49:in `update'
app/controllers/player_controller.rb:26:in `update'
Started PUT "/player/44" for 127.0.0.1 at 2018-04-25 13:13:36 -0600
Processing by PlayerController#update as */*
  Parameters: {"player_name"=>"update Mary Kuhner", "team"=>"Cleveland Iron Maidens", "status"=>"Social", "email"=>"mkuhner@gmail.com", "phone"=>"6143128806", "nickname"=>"djnksd", "id"=>"44", "player"=>{"player_name"=>"update Mary Kuhner", "team"=>"Cleveland Iron Maidens", "status"=>"Social", "email"=>"mkuhner@gmail.com", "phone"=>"6143128806", "nickname"=>"djnksd"}}
Completed 500 Internal Server Error in 3ms


  
NameError (undefined local variable or method `status' for Player:Class):
  
app/models/player.rb:49:in `update'
app/controllers/player_controller.rb:26:in `update'
Started PUT "/player/44" for 127.0.0.1 at 2018-04-25 13:16:01 -0600
Processing by PlayerController#update as */*
  Parameters: {"player_name"=>"update Mary Kuhner", "team"=>"Cleveland Iron Maidens", "status"=>"Social", "email"=>"mkuhner@gmail.com", "phone"=>"6143128806", "nickname"=>"djnksd", "id"=>"44", "player"=>{"player_name"=>"update Mary Kuhner", "team"=>"Cleveland Iron Maidens", "status"=>"Social", "email"=>"mkuhner@gmail.com", "phone"=>"6143128806", "nickname"=>"djnksd"}}
Completed 500 Internal Server Error in 3ms


  
NameError (undefined local variable or method `status' for Player:Class):
  
app/models/player.rb:49:in `update'
app/controllers/player_controller.rb:26:in `update'
Started GET "/player" for 127.0.0.1 at 2018-04-25 13:16:17 -0600
Processing by PlayerController#index as */*
Completed 200 OK in 5ms (Views: 3.0ms)


Started PUT "/player/44" for 127.0.0.1 at 2018-04-25 13:17:06 -0600
Processing by PlayerController#update as */*
  Parameters: {"player_name"=>"update Mary Kuhner", "nickname"=>"djnksd", "team"=>"Cleveland Iron Maidens", "status"=>"Social", "email"=>"mkuhner@gmail.com", "phone"=>"6143128806", "id"=>"44", "player"=>{"player_name"=>"update Mary Kuhner", "nickname"=>"djnksd", "team"=>"Cleveland Iron Maidens", "status"=>"Social", "email"=>"mkuhner@gmail.com", "phone"=>"6143128806"}}
Completed 500 Internal Server Error in 5ms


  
NameError (undefined local variable or method `status' for Player:Class):
  
app/models/player.rb:49:in `update'
app/controllers/player_controller.rb:26:in `update'
Started PUT "/player/1" for 127.0.0.1 at 2018-04-25 13:17:40 -0600
Processing by PlayerController#update as */*
  Parameters: {"player_name"=>"update Mary Kuhner", "nickname"=>"djnksd", "team"=>"Cleveland Iron Maidens", "status"=>"Social", "email"=>"mkuhner@gmail.com", "phone"=>"6143128806", "id"=>"1", "player"=>{"player_name"=>"update Mary Kuhner", "nickname"=>"djnksd", "team"=>"Cleveland Iron Maidens", "status"=>"Social", "email"=>"mkuhner@gmail.com", "phone"=>"6143128806"}}
Completed 500 Internal Server Error in 6ms


  
NameError (undefined local variable or method `status' for Player:Class):
  
app/models/player.rb:49:in `update'
app/controllers/player_controller.rb:26:in `update'
Started PUT "/player/44" for 127.0.0.1 at 2018-04-25 13:17:44 -0600
Processing by PlayerController#update as */*
  Parameters: {"player_name"=>"update Mary Kuhner", "nickname"=>"djnksd", "team"=>"Cleveland Iron Maidens", "status"=>"Social", "email"=>"mkuhner@gmail.com", "phone"=>"6143128806", "id"=>"44", "player"=>{"player_name"=>"update Mary Kuhner", "nickname"=>"djnksd", "team"=>"Cleveland Iron Maidens", "status"=>"Social", "email"=>"mkuhner@gmail.com", "phone"=>"6143128806"}}
Completed 500 Internal Server Error in 6ms


  
NameError (undefined local variable or method `status' for Player:Class):
  
app/models/player.rb:49:in `update'
app/controllers/player_controller.rb:26:in `update'
Started PUT "/player/44" for 127.0.0.1 at 2018-04-25 13:18:20 -0600
Processing by PlayerController#update as */*
  Parameters: {"player_name"=>"update Mary Kuhner", "nickname"=>"djnksd", "team"=>"Cleveland Iron Maidens", "status"=>"Social", "email"=>"mkuhner@gmail.com", "phone"=>"6143128806", "id"=>"44", "player"=>{"player_name"=>"update Mary Kuhner", "nickname"=>"djnksd", "team"=>"Cleveland Iron Maidens", "status"=>"Social", "email"=>"mkuhner@gmail.com", "phone"=>"6143128806"}}
Completed 200 OK in 7ms (Views: 0.4ms)


Started GET "/player" for 127.0.0.1 at 2018-04-25 13:18:46 -0600
=======
Started GET "/player" for 127.0.0.1 at 2018-04-25 11:52:53 -0400
Processing by PlayerController#index as */*
Completed 200 OK in 3ms (Views: 2.6ms)


Started GET "/player" for 127.0.0.1 at 2018-04-25 11:53:13 -0400
Processing by PlayerController#index as */*
Completed 200 OK in 5ms (Views: 3.4ms)


Started GET "/player" for 127.0.0.1 at 2018-04-25 11:53:47 -0400
Processing by PlayerController#index as */*
Completed 200 OK in 4ms (Views: 3.0ms)


Started GET "/player" for 127.0.0.1 at 2018-04-25 11:54:09 -0400
Processing by PlayerController#index as */*
Completed 200 OK in 3ms (Views: 2.3ms)


Started GET "/player" for 127.0.0.1 at 2018-04-25 11:54:21 -0400
Processing by PlayerController#index as */*
Completed 200 OK in 3ms (Views: 2.1ms)


Started GET "/player" for 127.0.0.1 at 2018-04-25 11:58:02 -0400
Processing by PlayerController#index as */*
Completed 200 OK in 4ms (Views: 2.7ms)


Started GET "/player" for 127.0.0.1 at 2018-04-25 12:16:26 -0400
Processing by PlayerController#index as */*
Completed 200 OK in 5ms (Views: 4.0ms)


Started GET "/player" for 127.0.0.1 at 2018-04-25 12:17:15 -0400
Processing by PlayerController#index as */*
Completed 200 OK in 5ms (Views: 4.0ms)


Started GET "/player" for 127.0.0.1 at 2018-04-25 12:17:38 -0400
Processing by PlayerController#index as */*
Completed 200 OK in 3ms (Views: 2.3ms)


Started GET "/player" for 127.0.0.1 at 2018-04-25 12:20:22 -0400
Processing by PlayerController#index as */*
Completed 200 OK in 9ms (Views: 8.0ms)


Started GET "/player" for 127.0.0.1 at 2018-04-25 12:29:57 -0400
Processing by PlayerController#index as */*
Completed 200 OK in 3ms (Views: 2.6ms)


Started GET "/player" for 127.0.0.1 at 2018-04-25 12:30:08 -0400
Processing by PlayerController#index as */*
Completed 200 OK in 5ms (Views: 4.2ms)


Started GET "/player" for 127.0.0.1 at 2018-04-25 12:34:13 -0400
Processing by PlayerController#index as */*
Completed 200 OK in 5ms (Views: 4.2ms)


Started GET "/player" for 127.0.0.1 at 2018-04-25 12:36:23 -0400
Processing by PlayerController#index as */*
Completed 200 OK in 6ms (Views: 5.0ms)


Started GET "/player" for 127.0.0.1 at 2018-04-25 12:37:53 -0400
Processing by PlayerController#index as */*
Completed 200 OK in 5ms (Views: 4.1ms)


Started GET "/player" for 127.0.0.1 at 2018-04-25 12:45:36 -0400
Processing by PlayerController#index as */*
Completed 200 OK in 5ms (Views: 4.0ms)


Started GET "/player" for 127.0.0.1 at 2018-04-25 12:47:01 -0400
Processing by PlayerController#index as */*
Completed 200 OK in 3ms (Views: 2.4ms)


Started GET "/player" for 127.0.0.1 at 2018-04-25 12:47:16 -0400
Processing by PlayerController#index as */*
Completed 200 OK in 4ms (Views: 3.1ms)


Started GET "/player" for 127.0.0.1 at 2018-04-25 12:47:32 -0400
Processing by PlayerController#index as */*
Completed 200 OK in 4ms (Views: 3.5ms)


Started GET "/player" for 127.0.0.1 at 2018-04-25 12:48:52 -0400
Processing by PlayerController#index as */*
Completed 200 OK in 4ms (Views: 2.8ms)


Started GET "/player" for 127.0.0.1 at 2018-04-25 12:49:20 -0400
Processing by PlayerController#index as */*
Completed 200 OK in 3ms (Views: 2.1ms)


Started GET "/player" for 127.0.0.1 at 2018-04-25 12:52:51 -0400
Processing by PlayerController#index as */*
Completed 200 OK in 3ms (Views: 2.4ms)


Started GET "/player" for 127.0.0.1 at 2018-04-25 12:55:02 -0400
Processing by PlayerController#index as */*
Completed 200 OK in 4ms (Views: 2.7ms)


Started GET "/player" for 127.0.0.1 at 2018-04-25 12:55:22 -0400
Processing by PlayerController#index as */*
Completed 200 OK in 7ms (Views: 5.9ms)


Started GET "/player" for 127.0.0.1 at 2018-04-25 12:55:36 -0400
Processing by PlayerController#index as */*
Completed 200 OK in 4ms (Views: 3.6ms)


Started GET "/player" for 127.0.0.1 at 2018-04-25 12:55:57 -0400
Processing by PlayerController#index as */*
Completed 200 OK in 5ms (Views: 4.0ms)


Started GET "/player" for 127.0.0.1 at 2018-04-25 12:56:07 -0400
Processing by PlayerController#index as */*
Completed 200 OK in 4ms (Views: 3.2ms)


Started GET "/player" for 127.0.0.1 at 2018-04-25 12:56:20 -0400
Processing by PlayerController#index as */*
Completed 200 OK in 4ms (Views: 2.7ms)


Started GET "/player" for 127.0.0.1 at 2018-04-25 13:04:18 -0400
Processing by PlayerController#index as */*
Completed 200 OK in 4ms (Views: 3.1ms)


Started GET "/player" for 127.0.0.1 at 2018-04-25 13:10:24 -0400
Processing by PlayerController#index as */*
Completed 200 OK in 4ms (Views: 3.0ms)


Started GET "/player" for 127.0.0.1 at 2018-04-25 13:11:50 -0400
Processing by PlayerController#index as */*
Completed 200 OK in 4ms (Views: 3.1ms)


Started GET "/player" for 127.0.0.1 at 2018-04-25 13:17:43 -0400
Processing by PlayerController#index as */*
Completed 200 OK in 4ms (Views: 3.5ms)


Started GET "/player" for 127.0.0.1 at 2018-04-25 13:17:51 -0400
Processing by PlayerController#index as */*
Completed 200 OK in 4ms (Views: 3.4ms)


Started GET "/player" for 127.0.0.1 at 2018-04-25 13:18:14 -0400
Processing by PlayerController#index as */*
Completed 200 OK in 3ms (Views: 2.7ms)


Started GET "/player" for 127.0.0.1 at 2018-04-25 13:18:41 -0400
Processing by PlayerController#index as */*
Completed 200 OK in 7ms (Views: 4.5ms)


Started GET "/player" for 127.0.0.1 at 2018-04-25 13:18:59 -0400
Processing by PlayerController#index as */*
Completed 200 OK in 5ms (Views: 3.9ms)


Started GET "/player" for 127.0.0.1 at 2018-04-25 13:19:20 -0400
Processing by PlayerController#index as */*
Completed 200 OK in 4ms (Views: 2.9ms)


Started GET "/player" for 127.0.0.1 at 2018-04-25 13:21:06 -0400
Processing by PlayerController#index as */*
Completed 200 OK in 6ms (Views: 5.1ms)


Started GET "/player" for 127.0.0.1 at 2018-04-25 13:21:20 -0400
Processing by PlayerController#index as */*
Completed 200 OK in 3ms (Views: 2.2ms)


Started GET "/player" for 127.0.0.1 at 2018-04-25 13:21:34 -0400
Processing by PlayerController#index as */*
Completed 200 OK in 5ms (Views: 4.3ms)


Started GET "/player" for 127.0.0.1 at 2018-04-25 13:21:44 -0400
Processing by PlayerController#index as */*
Completed 200 OK in 3ms (Views: 2.3ms)


Started GET "/player" for 127.0.0.1 at 2018-04-25 13:22:17 -0400
Processing by PlayerController#index as */*
Completed 200 OK in 3ms (Views: 2.6ms)


Started GET "/player" for 127.0.0.1 at 2018-04-25 13:22:41 -0400
>>>>>>> 5db592543c52680713b1dc0e1bac9fb6438ed15b
Processing by PlayerController#index as */*
Completed 200 OK in 5ms (Views: 3.7ms)


<<<<<<< HEAD
Started PUT "/player/44" for 127.0.0.1 at 2018-04-25 13:18:57 -0600
Processing by PlayerController#update as HTML
  Parameters: {"player_name"=>"update Mary Kuhner app", "nickname"=>"djnksd", "team"=>"Cleveland Iron Maidens", "status"=>"Social", "email"=>"mkuhner@gmail.com", "phone"=>"6143128806", "id"=>"44", "player"=>{"player_name"=>"update Mary Kuhner app", "nickname"=>"djnksd", "team"=>"Cleveland Iron Maidens", "status"=>"Social", "email"=>"mkuhner@gmail.com", "phone"=>"6143128806", "id"=>"44"}}
Completed 200 OK in 3ms (Views: 0.5ms)


Started GET "/player" for 127.0.0.1 at 2018-04-25 13:18:57 -0600
Processing by PlayerController#index as */*
Completed 200 OK in 4ms (Views: 2.6ms)


Started GET "/player" for 127.0.0.1 at 2018-04-25 13:38:50 -0600
Processing by PlayerController#index as */*
Completed 200 OK in 6ms (Views: 4.5ms)


Started GET "/player" for 127.0.0.1 at 2018-04-25 13:39:38 -0600
=======
Started GET "/player" for 127.0.0.1 at 2018-04-25 13:22:46 -0400
Processing by PlayerController#index as */*
Completed 200 OK in 5ms (Views: 4.4ms)


Started GET "/player" for 127.0.0.1 at 2018-04-25 13:22:58 -0400
Processing by PlayerController#index as */*
Completed 200 OK in 5ms (Views: 3.9ms)


Started GET "/player" for 127.0.0.1 at 2018-04-25 13:23:07 -0400
Processing by PlayerController#index as */*
Completed 200 OK in 3ms (Views: 2.6ms)


Started GET "/player" for 127.0.0.1 at 2018-04-25 13:23:13 -0400
Processing by PlayerController#index as */*
Completed 200 OK in 4ms (Views: 3.5ms)


Started GET "/player" for 127.0.0.1 at 2018-04-25 13:23:18 -0400
Processing by PlayerController#index as */*
Completed 200 OK in 4ms (Views: 3.2ms)


Started GET "/player" for 127.0.0.1 at 2018-04-25 13:23:47 -0400
Processing by PlayerController#index as */*
Completed 200 OK in 4ms (Views: 3.0ms)


Started GET "/player" for 127.0.0.1 at 2018-04-25 13:24:15 -0400
Processing by PlayerController#index as */*
Completed 200 OK in 5ms (Views: 4.0ms)


Started GET "/player" for 127.0.0.1 at 2018-04-25 13:25:09 -0400
Processing by PlayerController#index as */*
Completed 200 OK in 4ms (Views: 2.8ms)


Started GET "/player" for 127.0.0.1 at 2018-04-25 13:25:33 -0400
Processing by PlayerController#index as */*
Completed 200 OK in 4ms (Views: 3.6ms)


Started GET "/player" for 127.0.0.1 at 2018-04-25 13:26:00 -0400
Processing by PlayerController#index as */*
Completed 200 OK in 7ms (Views: 6.4ms)


Started GET "/player" for 127.0.0.1 at 2018-04-25 13:26:07 -0400
>>>>>>> 5db592543c52680713b1dc0e1bac9fb6438ed15b
Processing by PlayerController#index as */*
Completed 200 OK in 5ms (Views: 3.6ms)


<<<<<<< HEAD
Started GET "/player" for 127.0.0.1 at 2018-04-25 13:41:43 -0600
Processing by PlayerController#index as */*
Completed 200 OK in 6ms (Views: 4.4ms)


Started GET "/player" for 127.0.0.1 at 2018-04-25 13:41:50 -0600
Processing by PlayerController#index as */*
Completed 200 OK in 5ms (Views: 3.7ms)


Started GET "/player" for 127.0.0.1 at 2018-04-25 13:47:52 -0600
=======
Started GET "/player" for 127.0.0.1 at 2018-04-25 13:26:16 -0400
Processing by PlayerController#index as */*
Completed 200 OK in 4ms (Views: 3.1ms)


Started GET "/player" for 127.0.0.1 at 2018-04-25 13:26:22 -0400
Processing by PlayerController#index as */*
Completed 200 OK in 4ms (Views: 3.3ms)


Started GET "/player" for 127.0.0.1 at 2018-04-25 13:29:55 -0400
Processing by PlayerController#index as */*
Completed 200 OK in 4ms (Views: 3.1ms)


Started GET "/player" for 127.0.0.1 at 2018-04-25 13:30:14 -0400
Processing by PlayerController#index as */*
Completed 200 OK in 3ms (Views: 2.6ms)


Started GET "/player" for 127.0.0.1 at 2018-04-25 13:30:21 -0400
Processing by PlayerController#index as */*
Completed 200 OK in 4ms (Views: 3.5ms)


Started GET "/player" for 127.0.0.1 at 2018-04-25 13:30:35 -0400
Processing by PlayerController#index as */*
Completed 200 OK in 5ms (Views: 3.6ms)


Started GET "/player" for 127.0.0.1 at 2018-04-25 13:30:45 -0400
Processing by PlayerController#index as */*
Completed 200 OK in 5ms (Views: 3.9ms)


Started GET "/player" for 127.0.0.1 at 2018-04-25 13:30:52 -0400
Processing by PlayerController#index as */*
Completed 200 OK in 4ms (Views: 3.6ms)


Started GET "/player" for 127.0.0.1 at 2018-04-25 13:31:00 -0400
Processing by PlayerController#index as */*
Completed 200 OK in 4ms (Views: 3.3ms)


Started GET "/player" for 127.0.0.1 at 2018-04-25 13:31:52 -0400
Processing by PlayerController#index as */*
Completed 200 OK in 4ms (Views: 2.6ms)


Started GET "/player" for 127.0.0.1 at 2018-04-25 13:33:27 -0400
Processing by PlayerController#index as */*
Completed 200 OK in 4ms (Views: 3.1ms)


Started GET "/player" for 127.0.0.1 at 2018-04-25 13:34:59 -0400
Processing by PlayerController#index as */*
Completed 200 OK in 4ms (Views: 3.4ms)


Started GET "/player" for 127.0.0.1 at 2018-04-25 13:35:25 -0400
Processing by PlayerController#index as */*
Completed 200 OK in 4ms (Views: 3.5ms)


Started GET "/player" for 127.0.0.1 at 2018-04-25 13:35:46 -0400
>>>>>>> 5db592543c52680713b1dc0e1bac9fb6438ed15b
Processing by PlayerController#index as */*
Completed 200 OK in 5ms (Views: 4.3ms)


<<<<<<< HEAD
Started GET "/player" for 127.0.0.1 at 2018-04-25 13:50:21 -0600
Processing by PlayerController#index as */*
Completed 200 OK in 14ms (Views: 13.2ms)


Started GET "/player" for 127.0.0.1 at 2018-04-25 13:50:30 -0600
Processing by PlayerController#index as */*
Completed 200 OK in 6ms (Views: 5.3ms)


Started GET "/player" for 127.0.0.1 at 2018-04-25 13:50:41 -0600
Processing by PlayerController#index as */*
Completed 200 OK in 12ms (Views: 6.8ms)


Started GET "/player" for 127.0.0.1 at 2018-04-25 13:52:14 -0600
Processing by PlayerController#index as */*
Completed 200 OK in 7ms (Views: 5.3ms)


Started GET "/player" for 127.0.0.1 at 2018-04-25 13:55:08 -0600
Processing by PlayerController#index as */*
Completed 200 OK in 9ms (Views: 7.4ms)


Started GET "/player" for 127.0.0.1 at 2018-04-25 13:56:25 -0600
Processing by PlayerController#index as */*
Completed 200 OK in 7ms (Views: 5.3ms)


Started GET "/player" for 127.0.0.1 at 2018-04-25 14:35:59 -0600
Processing by PlayerController#index as */*
Completed 200 OK in 8ms (Views: 6.5ms)


Started GET "/player" for 127.0.0.1 at 2018-04-25 14:36:12 -0600
Processing by PlayerController#index as */*
Completed 200 OK in 6ms (Views: 4.8ms)


Started GET "/player" for 127.0.0.1 at 2018-04-25 15:02:47 -0600
Processing by PlayerController#index as */*
Completed 200 OK in 9ms (Views: 6.4ms)


Started GET "/player" for 127.0.0.1 at 2018-04-25 15:07:04 -0600
Processing by PlayerController#index as */*
Completed 200 OK in 9ms (Views: 5.8ms)


Started GET "/player" for 127.0.0.1 at 2018-04-25 15:09:34 -0600
Processing by PlayerController#index as */*
Completed 200 OK in 11ms (Views: 6.3ms)


Started GET "/player" for 127.0.0.1 at 2018-04-25 15:10:03 -0600
Processing by PlayerController#index as */*
Completed 200 OK in 13ms (Views: 5.3ms)


Started GET "/player" for 127.0.0.1 at 2018-04-25 15:15:12 -0600
Processing by PlayerController#index as */*
Completed 200 OK in 7ms (Views: 5.0ms)


Started GET "/player" for 127.0.0.1 at 2018-04-25 15:15:20 -0600
Processing by PlayerController#index as */*
Completed 200 OK in 8ms (Views: 6.2ms)


Started GET "/player" for 127.0.0.1 at 2018-04-25 15:15:31 -0600
Processing by PlayerController#index as */*
Completed 200 OK in 9ms (Views: 6.4ms)


Started GET "/player" for 127.0.0.1 at 2018-04-25 15:15:37 -0600
Processing by PlayerController#index as */*
Completed 200 OK in 7ms (Views: 5.6ms)


Started GET "/player" for 127.0.0.1 at 2018-04-25 15:32:31 -0600
Processing by PlayerController#index as */*
Completed 200 OK in 8ms (Views: 6.1ms)


Started GET "/player" for 127.0.0.1 at 2018-04-25 15:32:41 -0600
Processing by PlayerController#index as */*
Completed 200 OK in 8ms (Views: 6.3ms)


Started GET "/player" for 127.0.0.1 at 2018-04-25 15:40:24 -0600
Processing by PlayerController#index as */*
Completed 200 OK in 8ms (Views: 6.2ms)


Started GET "/player" for 127.0.0.1 at 2018-04-25 15:41:25 -0600
Processing by PlayerController#index as */*
Completed 200 OK in 7ms (Views: 5.0ms)


Started GET "/player" for 127.0.0.1 at 2018-04-25 15:41:47 -0600
Processing by PlayerController#index as */*
Completed 200 OK in 7ms (Views: 5.5ms)


Started GET "/player" for 127.0.0.1 at 2018-04-25 15:42:01 -0600
Processing by PlayerController#index as */*
Completed 200 OK in 9ms (Views: 6.0ms)


Started GET "/player" for 127.0.0.1 at 2018-04-25 15:43:10 -0600
Processing by PlayerController#index as */*
Completed 200 OK in 6ms (Views: 5.2ms)


Started GET "/player" for 127.0.0.1 at 2018-04-25 15:52:58 -0600
Processing by PlayerController#index as */*
Completed 200 OK in 6ms (Views: 4.5ms)


Started GET "/player" for 127.0.0.1 at 2018-04-25 15:53:02 -0600
Processing by PlayerController#index as */*
Completed 200 OK in 12ms (Views: 9.5ms)


Started GET "/player" for 127.0.0.1 at 2018-04-25 15:53:56 -0600
Processing by PlayerController#index as */*
Completed 200 OK in 9ms (Views: 6.5ms)


Started GET "/player" for 127.0.0.1 at 2018-04-25 15:54:05 -0600
Processing by PlayerController#index as */*
Completed 200 OK in 8ms (Views: 6.0ms)


Started GET "/player" for 127.0.0.1 at 2018-04-25 17:01:47 -0600
=======
Started GET "/player" for 127.0.0.1 at 2018-04-25 13:35:54 -0400
Processing by PlayerController#index as */*
Completed 200 OK in 5ms (Views: 3.7ms)


Started GET "/player" for 127.0.0.1 at 2018-04-25 13:36:05 -0400
Processing by PlayerController#index as */*
Completed 200 OK in 4ms (Views: 3.3ms)


Started GET "/player" for 127.0.0.1 at 2018-04-25 13:36:52 -0400
Processing by PlayerController#index as */*
Completed 200 OK in 4ms (Views: 3.0ms)


Started GET "/player" for 127.0.0.1 at 2018-04-25 13:37:40 -0400
Processing by PlayerController#index as */*
Completed 200 OK in 4ms (Views: 2.8ms)


Started GET "/player" for 127.0.0.1 at 2018-04-25 13:37:50 -0400
Processing by PlayerController#index as */*
Completed 200 OK in 3ms (Views: 2.0ms)


Started GET "/player" for 127.0.0.1 at 2018-04-25 13:37:58 -0400
Processing by PlayerController#index as */*
Completed 200 OK in 3ms (Views: 2.3ms)


Started GET "/player" for 127.0.0.1 at 2018-04-25 13:45:32 -0400
Processing by PlayerController#index as */*
Completed 200 OK in 5ms (Views: 4.4ms)


Started GET "/player" for 127.0.0.1 at 2018-04-25 13:46:02 -0400
Processing by PlayerController#index as */*
Completed 200 OK in 4ms (Views: 2.6ms)


Started GET "/player" for 127.0.0.1 at 2018-04-25 13:48:45 -0400
Processing by PlayerController#index as */*
Completed 200 OK in 4ms (Views: 2.7ms)


Started GET "/player" for 127.0.0.1 at 2018-04-25 13:48:56 -0400
Processing by PlayerController#index as */*
Completed 200 OK in 5ms (Views: 4.2ms)


Started GET "/player" for 127.0.0.1 at 2018-04-25 13:49:11 -0400
Processing by PlayerController#index as */*
Completed 200 OK in 3ms (Views: 2.3ms)


Started GET "/player" for 127.0.0.1 at 2018-04-25 13:50:54 -0400
Processing by PlayerController#index as */*
Completed 200 OK in 4ms (Views: 3.0ms)


Started GET "/player" for 127.0.0.1 at 2018-04-25 13:51:05 -0400
Processing by PlayerController#index as */*
Completed 200 OK in 5ms (Views: 4.1ms)


Started GET "/player" for 127.0.0.1 at 2018-04-25 13:54:53 -0400
Processing by PlayerController#index as */*
Completed 200 OK in 7ms (Views: 6.4ms)


Started GET "/player" for 127.0.0.1 at 2018-04-25 13:55:26 -0400
Processing by PlayerController#index as */*
Completed 200 OK in 5ms (Views: 3.6ms)


Started GET "/player" for 127.0.0.1 at 2018-04-25 13:56:03 -0400
Processing by PlayerController#index as */*
Completed 200 OK in 5ms (Views: 4.0ms)


Started GET "/player" for 127.0.0.1 at 2018-04-25 13:56:37 -0400
Processing by PlayerController#index as */*
Completed 200 OK in 4ms (Views: 3.5ms)


Started GET "/player" for 127.0.0.1 at 2018-04-25 13:57:25 -0400
Processing by PlayerController#index as */*
Completed 200 OK in 3ms (Views: 2.7ms)


Started GET "/player" for 127.0.0.1 at 2018-04-25 13:57:38 -0400
Processing by PlayerController#index as */*
Completed 200 OK in 4ms (Views: 3.4ms)


Started GET "/player" for 127.0.0.1 at 2018-04-25 13:57:54 -0400
Processing by PlayerController#index as */*
Completed 200 OK in 4ms (Views: 3.6ms)


Started GET "/player" for 127.0.0.1 at 2018-04-25 13:58:03 -0400
Processing by PlayerController#index as */*
Completed 200 OK in 4ms (Views: 3.0ms)


Started GET "/player" for 127.0.0.1 at 2018-04-25 13:59:44 -0400
Processing by PlayerController#index as */*
Completed 200 OK in 4ms (Views: 2.5ms)


Started GET "/player" for 127.0.0.1 at 2018-04-25 13:59:56 -0400
Processing by PlayerController#index as */*
Completed 200 OK in 4ms (Views: 3.3ms)


Started GET "/player" for 127.0.0.1 at 2018-04-25 14:02:22 -0400
Processing by PlayerController#index as */*
Completed 200 OK in 3ms (Views: 2.3ms)


Started GET "/player" for 127.0.0.1 at 2018-04-25 14:02:53 -0400
Processing by PlayerController#index as */*
Completed 200 OK in 4ms (Views: 2.9ms)


Started GET "/player" for 127.0.0.1 at 2018-04-25 14:03:15 -0400
Processing by PlayerController#index as */*
Completed 200 OK in 4ms (Views: 3.1ms)


Started GET "/player" for 127.0.0.1 at 2018-04-25 14:03:33 -0400
Processing by PlayerController#index as */*
Completed 200 OK in 3ms (Views: 2.2ms)


Started GET "/player" for 127.0.0.1 at 2018-04-25 14:03:42 -0400
Processing by PlayerController#index as */*
Completed 200 OK in 4ms (Views: 3.2ms)


Started GET "/player" for 127.0.0.1 at 2018-04-25 14:03:52 -0400
Processing by PlayerController#index as */*
Completed 200 OK in 7ms (Views: 5.9ms)


Started GET "/player" for 127.0.0.1 at 2018-04-25 14:05:36 -0400
Processing by PlayerController#index as */*
Completed 200 OK in 3ms (Views: 2.4ms)


Started GET "/player" for 127.0.0.1 at 2018-04-25 14:05:55 -0400
Processing by PlayerController#index as */*
Completed 200 OK in 4ms (Views: 3.6ms)


Started GET "/player" for 127.0.0.1 at 2018-04-25 14:06:11 -0400
Processing by PlayerController#index as */*
Completed 200 OK in 5ms (Views: 3.9ms)


Started GET "/player" for 127.0.0.1 at 2018-04-25 14:06:22 -0400
Processing by PlayerController#index as */*
Completed 200 OK in 5ms (Views: 4.1ms)


Started GET "/player" for 127.0.0.1 at 2018-04-25 14:06:28 -0400
Processing by PlayerController#index as */*
Completed 200 OK in 4ms (Views: 3.6ms)


Started GET "/player" for 127.0.0.1 at 2018-04-25 14:06:35 -0400
Processing by PlayerController#index as */*
Completed 200 OK in 4ms (Views: 3.3ms)


Started GET "/player" for 127.0.0.1 at 2018-04-25 14:39:18 -0400
Processing by PlayerController#index as */*
Completed 200 OK in 4ms (Views: 2.9ms)


Started GET "/player" for 127.0.0.1 at 2018-04-25 15:07:04 -0400
Processing by PlayerController#index as */*
Completed 200 OK in 4ms (Views: 3.6ms)


Started GET "/player" for 127.0.0.1 at 2018-04-25 15:08:43 -0400
Processing by PlayerController#index as */*
Completed 200 OK in 5ms (Views: 3.8ms)


Started GET "/player" for 127.0.0.1 at 2018-04-25 16:42:41 -0400
Processing by PlayerController#index as */*
Completed 200 OK in 5ms (Views: 3.5ms)


Started GET "/player" for 127.0.0.1 at 2018-04-25 16:43:34 -0400
Processing by PlayerController#index as */*
Completed 200 OK in 4ms (Views: 3.1ms)


Started GET "/player" for 127.0.0.1 at 2018-04-25 16:43:52 -0400
Processing by PlayerController#index as */*
Completed 200 OK in 4ms (Views: 3.4ms)


Started GET "/player" for 127.0.0.1 at 2018-04-25 16:46:25 -0400
>>>>>>> 5db592543c52680713b1dc0e1bac9fb6438ed15b
Processing by PlayerController#index as */*
Completed 200 OK in 6ms (Views: 4.8ms)


<<<<<<< HEAD
Started GET "/player" for 127.0.0.1 at 2018-04-25 17:12:33 -0600
Processing by PlayerController#index as */*
Completed 200 OK in 8ms (Views: 5.8ms)


Started GET "/player" for 127.0.0.1 at 2018-04-25 17:15:20 -0600
Processing by PlayerController#index as */*
Completed 200 OK in 7ms (Views: 5.2ms)


Started GET "/player" for 127.0.0.1 at 2018-04-25 17:22:50 -0600
Processing by PlayerController#index as */*
Completed 200 OK in 8ms (Views: 6.2ms)


Started GET "/player" for 127.0.0.1 at 2018-04-25 17:22:56 -0600
Processing by PlayerController#index as */*
Completed 200 OK in 7ms (Views: 5.4ms)


Started GET "/player" for 127.0.0.1 at 2018-04-25 17:23:03 -0600
Processing by PlayerController#index as */*
Completed 200 OK in 7ms (Views: 6.3ms)


Started GET "/player" for 127.0.0.1 at 2018-04-25 17:26:03 -0600
Processing by PlayerController#index as */*
Completed 200 OK in 9ms (Views: 6.8ms)


Started GET "/player" for 127.0.0.1 at 2018-04-25 17:26:11 -0600
Processing by PlayerController#index as */*
Completed 200 OK in 7ms (Views: 5.7ms)


Started GET "/player" for 127.0.0.1 at 2018-04-25 17:35:20 -0600
Processing by PlayerController#index as */*
Completed 200 OK in 14ms (Views: 12.6ms)


Started GET "/player" for 127.0.0.1 at 2018-04-25 17:35:27 -0600
Processing by PlayerController#index as */*
Completed 200 OK in 6ms (Views: 5.1ms)


Started GET "/player" for 127.0.0.1 at 2018-04-25 17:52:10 -0600
Processing by PlayerController#index as */*
Completed 200 OK in 7ms (Views: 4.8ms)


Started GET "/player" for 127.0.0.1 at 2018-04-25 17:54:24 -0600
Processing by PlayerController#index as */*
Completed 200 OK in 11ms (Views: 6.1ms)


Started PUT "/player/2" for 127.0.0.1 at 2018-04-25 17:54:36 -0600
Processing by PlayerController#update as HTML
  Parameters: {"player_name"=>"Rachel Elam", "team"=>"Cleveland Iron Maidens", "status"=>"Social", "email"=>"relam24@gmail.com", "phone"=>"2169048504", "id"=>"2", "player"=>{"player_name"=>"Rachel Elam", "team"=>"Cleveland Iron Maidens", "status"=>"Social", "email"=>"relam24@gmail.com", "phone"=>"2169048504", "id"=>"2"}}
Completed 200 OK in 3ms (Views: 0.4ms)


Started GET "/player" for 127.0.0.1 at 2018-04-25 17:54:36 -0600
Processing by PlayerController#index as */*
Completed 200 OK in 9ms (Views: 6.4ms)


Started GET "/player" for 127.0.0.1 at 2018-04-25 17:54:51 -0600
Processing by PlayerController#index as */*
Completed 200 OK in 6ms (Views: 4.4ms)


Started PUT "/player/3" for 127.0.0.1 at 2018-04-25 17:54:55 -0600
Processing by PlayerController#update as HTML
  Parameters: {"player_name"=>"Kylie Bartram", "team"=>"Cleveland Iron Maidens", "status"=>"Active", "email"=>"kbartram@ashland.edu", "phone"=>"2162692254", "id"=>"3", "player"=>{"player_name"=>"Kylie Bartram", "team"=>"Cleveland Iron Maidens", "status"=>"Active", "email"=>"kbartram@ashland.edu", "phone"=>"2162692254", "id"=>"3"}}
Completed 200 OK in 3ms (Views: 0.4ms)


Started GET "/player" for 127.0.0.1 at 2018-04-25 17:54:55 -0600
Processing by PlayerController#index as */*
Completed 200 OK in 8ms (Views: 5.9ms)


Started GET "/player" for 127.0.0.1 at 2018-04-25 17:55:18 -0600
Processing by PlayerController#index as */*
Completed 200 OK in 6ms (Views: 4.4ms)


Started GET "/player" for 127.0.0.1 at 2018-04-25 17:55:42 -0600
=======
Started GET "/player" for 127.0.0.1 at 2018-04-25 16:46:55 -0400
Processing by PlayerController#index as */*
Completed 200 OK in 4ms (Views: 3.1ms)


Started GET "/player" for 127.0.0.1 at 2018-04-25 16:47:45 -0400
Processing by PlayerController#index as */*
Completed 200 OK in 4ms (Views: 3.6ms)


Started GET "/player" for 127.0.0.1 at 2018-04-25 16:48:13 -0400
Processing by PlayerController#index as */*
Completed 200 OK in 4ms (Views: 3.7ms)


Started GET "/player" for 127.0.0.1 at 2018-04-25 16:48:32 -0400
Processing by PlayerController#index as */*
Completed 200 OK in 3ms (Views: 2.3ms)


Started GET "/player" for 127.0.0.1 at 2018-04-25 16:48:40 -0400
Processing by PlayerController#index as */*
Completed 200 OK in 4ms (Views: 3.0ms)


Started GET "/player" for 127.0.0.1 at 2018-04-25 16:49:37 -0400
Processing by PlayerController#index as */*
Completed 200 OK in 3ms (Views: 2.7ms)


Started GET "/player" for 127.0.0.1 at 2018-04-25 16:50:35 -0400
Processing by PlayerController#index as */*
Completed 200 OK in 4ms (Views: 3.3ms)


Started GET "/player" for 127.0.0.1 at 2018-04-25 16:50:48 -0400
Processing by PlayerController#index as */*
Completed 200 OK in 5ms (Views: 4.2ms)


Started GET "/player" for 127.0.0.1 at 2018-04-25 16:52:30 -0400
Processing by PlayerController#index as */*
Completed 200 OK in 4ms (Views: 2.9ms)


Started GET "/player" for 127.0.0.1 at 2018-04-25 16:52:39 -0400
Processing by PlayerController#index as */*
Completed 200 OK in 4ms (Views: 3.2ms)


Started GET "/player" for 127.0.0.1 at 2018-04-25 16:52:45 -0400
Processing by PlayerController#index as */*
Completed 200 OK in 5ms (Views: 3.3ms)


Started GET "/player" for 127.0.0.1 at 2018-04-25 16:52:52 -0400
Processing by PlayerController#index as */*
Completed 200 OK in 5ms (Views: 4.6ms)


Started GET "/player" for 127.0.0.1 at 2018-04-25 16:53:02 -0400
Processing by PlayerController#index as */*
Completed 200 OK in 4ms (Views: 3.4ms)


Started GET "/player" for 127.0.0.1 at 2018-04-25 17:00:29 -0400
Processing by PlayerController#index as */*
Completed 200 OK in 3ms (Views: 2.3ms)


Started GET "/player" for 127.0.0.1 at 2018-04-25 17:00:47 -0400
Processing by PlayerController#index as */*
Completed 200 OK in 7ms (Views: 6.1ms)


Started GET "/player" for 127.0.0.1 at 2018-04-25 17:01:32 -0400
Processing by PlayerController#index as */*
Completed 200 OK in 3ms (Views: 2.4ms)


Started GET "/player" for 127.0.0.1 at 2018-04-25 17:01:49 -0400
Processing by PlayerController#index as */*
Completed 200 OK in 5ms (Views: 3.8ms)


Started GET "/player" for 127.0.0.1 at 2018-04-25 17:01:58 -0400
Processing by PlayerController#index as */*
Completed 200 OK in 4ms (Views: 3.2ms)


Started GET "/player" for 127.0.0.1 at 2018-04-25 17:03:27 -0400
Processing by PlayerController#index as */*
Completed 200 OK in 3ms (Views: 2.4ms)


Started GET "/player" for 127.0.0.1 at 2018-04-25 17:03:47 -0400
Processing by PlayerController#index as */*
Completed 200 OK in 3ms (Views: 2.1ms)


Started GET "/player" for 127.0.0.1 at 2018-04-25 17:03:57 -0400
Processing by PlayerController#index as */*
Completed 200 OK in 3ms (Views: 2.5ms)


Started GET "/player" for 127.0.0.1 at 2018-04-25 17:04:37 -0400
Processing by PlayerController#index as */*
Completed 200 OK in 6ms (Views: 4.7ms)


Started GET "/player" for 127.0.0.1 at 2018-04-25 17:04:51 -0400
Processing by PlayerController#index as */*
Completed 200 OK in 5ms (Views: 3.7ms)


Started GET "/player" for 127.0.0.1 at 2018-04-25 17:05:11 -0400
Processing by PlayerController#index as */*
Completed 200 OK in 4ms (Views: 3.4ms)


Started GET "/player" for 127.0.0.1 at 2018-04-25 17:05:20 -0400
Processing by PlayerController#index as */*
Completed 200 OK in 4ms (Views: 3.4ms)


Started GET "/player" for 127.0.0.1 at 2018-04-25 17:07:13 -0400
Processing by PlayerController#index as */*
Completed 200 OK in 4ms (Views: 2.7ms)


Started GET "/player" for 127.0.0.1 at 2018-04-25 17:07:52 -0400
Processing by PlayerController#index as */*
Completed 200 OK in 6ms (Views: 5.1ms)


Started GET "/player" for 127.0.0.1 at 2018-04-25 17:08:04 -0400
Processing by PlayerController#index as */*
Completed 200 OK in 4ms (Views: 3.3ms)


Started GET "/player" for 127.0.0.1 at 2018-04-25 17:08:27 -0400
Processing by PlayerController#index as */*
Completed 200 OK in 4ms (Views: 3.0ms)


Started GET "/player" for 127.0.0.1 at 2018-04-25 17:10:33 -0400
Processing by PlayerController#index as */*
Completed 200 OK in 4ms (Views: 2.9ms)


Started GET "/player" for 127.0.0.1 at 2018-04-25 17:12:20 -0400
Processing by PlayerController#index as */*
Completed 200 OK in 6ms (Views: 5.1ms)


Started GET "/player" for 127.0.0.1 at 2018-04-25 17:12:55 -0400
Processing by PlayerController#index as */*
Completed 200 OK in 8ms (Views: 5.4ms)


Started GET "/player" for 127.0.0.1 at 2018-04-25 17:13:20 -0400
>>>>>>> 5db592543c52680713b1dc0e1bac9fb6438ed15b
Processing by PlayerController#index as */*
Completed 200 OK in 6ms (Views: 5.0ms)


<<<<<<< HEAD
Started PUT "/player/4" for 127.0.0.1 at 2018-04-25 17:55:45 -0600
Processing by PlayerController#update as HTML
  Parameters: {"player_name"=>"Holly Chesnick", "team"=>"Cleveland Iron Maidens", "status"=>"Active", "email"=>"hchesnic@kent.edu", "phone"=>"4407594722", "id"=>"4", "player"=>{"player_name"=>"Holly Chesnick", "team"=>"Cleveland Iron Maidens", "status"=>"Active", "email"=>"hchesnic@kent.edu", "phone"=>"4407594722", "id"=>"4"}}
Completed 200 OK in 3ms (Views: 0.2ms)


Started GET "/player" for 127.0.0.1 at 2018-04-25 17:55:45 -0600
Processing by PlayerController#index as */*
Completed 200 OK in 9ms (Views: 6.4ms)


Started GET "/player" for 127.0.0.1 at 2018-04-25 17:56:16 -0600
Processing by PlayerController#index as */*
Completed 200 OK in 8ms (Views: 6.2ms)


Started PUT "/player/5" for 127.0.0.1 at 2018-04-25 17:56:19 -0600
Processing by PlayerController#update as HTML
  Parameters: {"player_name"=>"Jordan Costy", "team"=>"Cleveland Iron Maidens", "status"=>"Active", "email"=>"costyj@kent-ohio.org", "phone"=>"4124778365", "id"=>"5", "player"=>{"player_name"=>"Jordan Costy", "team"=>"Cleveland Iron Maidens", "status"=>"Active", "email"=>"costyj@kent-ohio.org", "phone"=>"4124778365", "id"=>"5"}}
Completed 200 OK in 3ms (Views: 0.5ms)


Started GET "/player" for 127.0.0.1 at 2018-04-25 17:56:19 -0600
Processing by PlayerController#index as */*
Completed 200 OK in 9ms (Views: 6.4ms)


Started GET "/player" for 127.0.0.1 at 2018-04-25 17:56:24 -0600
Processing by PlayerController#index as */*
Completed 200 OK in 14ms (Views: 12.1ms)


Started GET "/player" for 127.0.0.1 at 2018-04-25 17:59:21 -0600
Processing by PlayerController#index as */*
Completed 200 OK in 7ms (Views: 4.8ms)


Started GET "/player" for 127.0.0.1 at 2018-04-25 17:59:39 -0600
Processing by PlayerController#index as */*
Completed 200 OK in 9ms (Views: 7.4ms)


Started PUT "/player/6" for 127.0.0.1 at 2018-04-25 17:59:42 -0600
Processing by PlayerController#update as HTML
  Parameters: {"player_name"=>"Rachael Elson", "team"=>"Cleavland Iron Maidens", "status"=>"Active", "email"=>"raelson@vassar.edu", "phone"=>"2166443304", "id"=>"6", "player"=>{"player_name"=>"Rachael Elson", "team"=>"Cleavland Iron Maidens", "status"=>"Active", "email"=>"raelson@vassar.edu", "phone"=>"2166443304", "id"=>"6"}}
Completed 200 OK in 3ms (Views: 0.4ms)


Started GET "/player" for 127.0.0.1 at 2018-04-25 17:59:42 -0600
Processing by PlayerController#index as */*
Completed 200 OK in 10ms (Views: 6.2ms)


Started GET "/player" for 127.0.0.1 at 2018-04-25 17:59:45 -0600
Processing by PlayerController#index as */*
Completed 200 OK in 9ms (Views: 6.1ms)


Started PUT "/player/7" for 127.0.0.1 at 2018-04-25 18:01:43 -0600
Processing by PlayerController#update as HTML
  Parameters: {"player_name"=>"Kelly Gaydosh", "team"=>"Cleavland Iron Maidens", "status"=>"Active", "email"=>"kellydosh@aol.com", "phone"=>"N/A", "id"=>"7", "player"=>{"player_name"=>"Kelly Gaydosh", "team"=>"Cleavland Iron Maidens", "status"=>"Active", "email"=>"kellydosh@aol.com", "phone"=>"N/A", "id"=>"7"}}
Completed 200 OK in 3ms (Views: 0.7ms)


Started GET "/player" for 127.0.0.1 at 2018-04-25 18:01:43 -0600
Processing by PlayerController#index as */*
Completed 200 OK in 7ms (Views: 5.5ms)


Started PUT "/player/8" for 127.0.0.1 at 2018-04-25 18:15:19 -0600
Processing by PlayerController#update as HTML
  Parameters: {"player_name"=>"Becky Tent", "team"=>"Cleveland Iron Maidens", "status"=>"Active", "email"=>"beckytent24@gmail.com", "phone"=>"2167121125", "id"=>"8", "player"=>{"player_name"=>"Becky Tent", "team"=>"Cleveland Iron Maidens", "status"=>"Active", "email"=>"beckytent24@gmail.com", "phone"=>"2167121125", "id"=>"8"}}
Completed 200 OK in 3ms (Views: 0.5ms)


Started GET "/player" for 127.0.0.1 at 2018-04-25 18:15:19 -0600
Processing by PlayerController#index as */*
Completed 200 OK in 6ms (Views: 4.9ms)


Started GET "/player" for 127.0.0.1 at 2018-04-25 18:15:46 -0600
Processing by PlayerController#index as */*
Completed 200 OK in 8ms (Views: 6.1ms)


Started PUT "/player/9" for 127.0.0.1 at 2018-04-25 18:15:49 -0600
Processing by PlayerController#update as HTML
  Parameters: {"player_name"=>"Kelly Goldstein", "team"=>"Cleavland Iron Maidens", "status"=>"Active", "email"=>"kellygoldstein13@gmail.com", "phone"=>"6308199546", "id"=>"9", "player"=>{"player_name"=>"Kelly Goldstein", "team"=>"Cleavland Iron Maidens", "status"=>"Active", "email"=>"kellygoldstein13@gmail.com", "phone"=>"6308199546", "id"=>"9"}}
Completed 200 OK in 3ms (Views: 0.5ms)


Started GET "/player" for 127.0.0.1 at 2018-04-25 18:15:49 -0600
Processing by PlayerController#index as */*
Completed 200 OK in 6ms (Views: 5.1ms)
=======
Started GET "/player" for 127.0.0.1 at 2018-04-25 17:13:50 -0400
Processing by PlayerController#index as */*
Completed 200 OK in 5ms (Views: 3.9ms)


Started GET "/player" for 127.0.0.1 at 2018-04-25 17:14:36 -0400
Processing by PlayerController#index as */*
Completed 200 OK in 6ms (Views: 5.1ms)


Started GET "/player" for 127.0.0.1 at 2018-04-25 17:14:52 -0400
Processing by PlayerController#index as */*
Completed 200 OK in 6ms (Views: 4.3ms)


Started GET "/player" for 127.0.0.1 at 2018-04-25 17:15:04 -0400
Processing by PlayerController#index as */*
Completed 200 OK in 7ms (Views: 5.8ms)


Started GET "/player" for 127.0.0.1 at 2018-04-25 17:30:38 -0400
Processing by PlayerController#index as */*
Completed 200 OK in 7ms (Views: 5.6ms)


Started GET "/player" for 127.0.0.1 at 2018-04-25 17:31:41 -0400
Processing by PlayerController#index as */*
Completed 200 OK in 5ms (Views: 3.8ms)


Started GET "/player" for 127.0.0.1 at 2018-04-25 17:39:06 -0400
Processing by PlayerController#index as */*
Completed 200 OK in 8ms (Views: 6.5ms)


Started GET "/player" for 127.0.0.1 at 2018-04-25 17:39:22 -0400
Processing by PlayerController#index as */*
Completed 200 OK in 7ms (Views: 5.6ms)


Started GET "/player" for 127.0.0.1 at 2018-04-25 17:39:40 -0400
Processing by PlayerController#index as */*
Completed 200 OK in 8ms (Views: 6.7ms)


Started GET "/player" for 127.0.0.1 at 2018-04-25 17:39:51 -0400
Processing by PlayerController#index as */*
Completed 200 OK in 7ms (Views: 6.2ms)


Started GET "/player" for 127.0.0.1 at 2018-04-25 17:40:23 -0400
Processing by PlayerController#index as */*
Completed 200 OK in 6ms (Views: 4.2ms)


Started GET "/player" for 127.0.0.1 at 2018-04-25 17:40:31 -0400
Processing by PlayerController#index as */*
Completed 200 OK in 4ms (Views: 3.3ms)


Started GET "/player" for 127.0.0.1 at 2018-04-25 17:40:39 -0400
Processing by PlayerController#index as */*
Completed 200 OK in 4ms (Views: 3.1ms)


Started GET "/player" for 127.0.0.1 at 2018-04-25 17:48:30 -0400
Processing by PlayerController#index as */*
Completed 200 OK in 4ms (Views: 3.4ms)


Started GET "/player" for 127.0.0.1 at 2018-04-25 18:00:15 -0400
Processing by PlayerController#index as */*
Completed 200 OK in 4ms (Views: 3.0ms)


Started GET "/player" for 127.0.0.1 at 2018-04-25 18:00:24 -0400
Processing by PlayerController#index as */*
Completed 200 OK in 4ms (Views: 2.8ms)


Started GET "/player" for 127.0.0.1 at 2018-04-25 18:00:33 -0400
Processing by PlayerController#index as */*
Completed 200 OK in 4ms (Views: 3.1ms)


Started GET "/player" for 127.0.0.1 at 2018-04-25 18:00:38 -0400
Processing by PlayerController#index as */*
Completed 200 OK in 4ms (Views: 3.4ms)


Started GET "/player" for 127.0.0.1 at 2018-04-25 18:01:49 -0400
Processing by PlayerController#index as */*
Completed 200 OK in 4ms (Views: 3.2ms)


Started GET "/player" for 127.0.0.1 at 2018-04-25 18:01:55 -0400
Processing by PlayerController#index as */*
Completed 200 OK in 4ms (Views: 2.9ms)


Started GET "/player" for 127.0.0.1 at 2018-04-25 18:02:05 -0400
Processing by PlayerController#index as */*
Completed 200 OK in 3ms (Views: 2.7ms)


Started GET "/player" for 127.0.0.1 at 2018-04-25 18:07:09 -0400
Processing by PlayerController#index as */*
Completed 200 OK in 4ms (Views: 3.5ms)


Started GET "/player" for 127.0.0.1 at 2018-04-25 18:08:10 -0400
Processing by PlayerController#index as */*
Completed 200 OK in 4ms (Views: 3.1ms)


Started GET "/player" for 127.0.0.1 at 2018-04-25 18:08:17 -0400
Processing by PlayerController#index as */*
Completed 200 OK in 3ms (Views: 2.5ms)


Started GET "/player" for 127.0.0.1 at 2018-04-25 18:08:35 -0400
Processing by PlayerController#index as */*
Completed 200 OK in 7ms (Views: 6.4ms)


Started GET "/player" for 127.0.0.1 at 2018-04-25 18:08:46 -0400
Processing by PlayerController#index as */*
Completed 200 OK in 3ms (Views: 2.2ms)


Started GET "/player" for 127.0.0.1 at 2018-04-25 18:08:55 -0400
Processing by PlayerController#index as */*
Completed 200 OK in 4ms (Views: 2.9ms)


Started GET "/player" for 127.0.0.1 at 2018-04-25 18:09:04 -0400
Processing by PlayerController#index as */*
Completed 200 OK in 5ms (Views: 3.7ms)


Started GET "/player" for 127.0.0.1 at 2018-04-25 18:09:11 -0400
Processing by PlayerController#index as */*
Completed 200 OK in 5ms (Views: 3.7ms)


Started GET "/player" for 127.0.0.1 at 2018-04-25 18:09:19 -0400
Processing by PlayerController#index as */*
Completed 200 OK in 3ms (Views: 2.5ms)


Started GET "/player" for 127.0.0.1 at 2018-04-25 19:27:19 -0400
Processing by PlayerController#index as */*
Completed 200 OK in 4ms (Views: 2.7ms)


Started GET "/player" for 127.0.0.1 at 2018-04-25 19:27:28 -0400
Processing by PlayerController#index as */*
Completed 200 OK in 4ms (Views: 3.1ms)


Started GET "/player" for 127.0.0.1 at 2018-04-25 19:27:35 -0400
Processing by PlayerController#index as */*
Completed 200 OK in 4ms (Views: 3.7ms)


Started GET "/player" for 127.0.0.1 at 2018-04-25 19:30:00 -0400
Processing by PlayerController#index as */*
Completed 200 OK in 3ms (Views: 2.5ms)


Started GET "/player" for 127.0.0.1 at 2018-04-25 19:30:17 -0400
Processing by PlayerController#index as */*
Completed 200 OK in 5ms (Views: 3.8ms)


Started GET "/player" for 127.0.0.1 at 2018-04-25 19:30:18 -0400
Processing by PlayerController#index as */*
Completed 200 OK in 4ms (Views: 3.8ms)


Started GET "/player" for 127.0.0.1 at 2018-04-25 19:35:19 -0400
Processing by PlayerController#index as */*
Completed 200 OK in 6ms (Views: 4.3ms)


Started GET "/player" for 127.0.0.1 at 2018-04-25 19:35:49 -0400
Processing by PlayerController#index as */*
Completed 200 OK in 5ms (Views: 3.7ms)


Started GET "/player" for 127.0.0.1 at 2018-04-25 19:35:50 -0400
Processing by PlayerController#index as */*
Completed 200 OK in 15ms (Views: 14.1ms)


Started GET "/player" for 127.0.0.1 at 2018-04-25 19:36:14 -0400
Processing by PlayerController#index as */*
Completed 200 OK in 5ms (Views: 4.4ms)


Started GET "/player" for 127.0.0.1 at 2018-04-25 19:36:32 -0400
Processing by PlayerController#index as */*
Completed 200 OK in 5ms (Views: 4.1ms)


Started GET "/player" for 127.0.0.1 at 2018-04-25 19:36:40 -0400
Processing by PlayerController#index as */*
Completed 200 OK in 6ms (Views: 5.2ms)
>>>>>>> 5db592543c52680713b1dc0e1bac9fb6438ed15b


